{
"contracts/AxieWrapper.sol":{"l":{"39":0,"41":0,"42":0,"62":0,"65":0,"66":0,"88":0,"98":0,"113":0,"123":0,"124":0,"128":0,"131":0,"132":0,"133":0,"136":0,"140":0,"145":0,"165":0,"169":0,"170":0,"233":0,"235":0,"236":0,"239":0,"240":0,"242":0,"243":0,"254":0,"256":0,"261":0,"262":0,"267":0,"270":0,"272":0,"275":0,"278":0,"280":0,"282":0,"290":0,"297":0,"311":0,"313":0,"314":0,"325":0,"332":0,"333":0,"334":0,"351":0,"360":0,"367":0,"374":0,"387":0,"388":0,"399":0,"406":0,"462":0,"463":0,"466":0,"467":0,"469":0,"481":0,"483":0,"488":0,"489":0,"494":0,"497":0,"499":0,"502":0,"505":0,"507":0,"509":0,"517":0,"524":0,"538":0,"539":0,"555":0,"565":0,"572":0,"579":0,"593":0,"610":0,"620":0,"627":0,"634":0,"648":0,"723":0,"724":0,"726":0,"740":0,"754":0,"755":0,"757":0,"774":0,"775":0,"778":0,"779":0,"781":0,"797":0,"813":0,"814":0,"817":0,"833":0,"849":0,"850":0,"867":0,"868":0,"870":0,"871":0,"872":0,"873":0,"874":0,"876":0,"877":0,"878":0,"879":0,"880":0,"881":0,"883":0,"909":0,"918":0,"933":0,"934":0,"1193":0,"1194":0,"1197":0,"1198":0,"1199":0,"1206":0,"1208":0,"1215":0,"1222":0,"1229":0,"1236":0,"1238":0,"1241":0,"1242":0,"1245":0,"1246":0,"1249":0,"1258":0,"1265":0,"1273":0,"1280":0,"1281":0,"1288":0,"1289":0,"1291":0,"1295":0,"1302":0,"1304":0,"1311":0,"1313":0,"1314":0,"1321":0,"1329":0,"1331":0,"1338":0,"1345":0,"1346":0,"1368":0,"1369":0,"1381":0,"1392":0,"1393":0,"1394":0,"1408":0,"1416":0,"1417":0,"1433":0,"1434":0,"1436":0,"1438":0,"1440":0,"1442":0,"1456":0,"1458":0,"1461":0,"1464":0,"1465":0,"1468":0,"1470":0,"1472":0,"1487":0,"1488":0,"1490":0,"1493":0,"1495":0,"1496":0,"1498":0,"1500":0,"1511":0,"1512":0,"1521":0,"1537":0,"1538":0,"1540":0,"1547":0,"1548":0,"1552":0,"1553":0,"1580":0,"1584":0,"1585":0,"1589":0,"1590":0,"1594":0,"1595":0,"1596":0,"1600":0,"1601":0,"1605":0,"1606":0,"1607":0},"path":"/Users/jaechung/NFT-Bazaar-Backend/contracts/AxieWrapper.sol","s":{"1":0,"2":0,"3":0,"4":0,"5":0,"6":0,"7":0,"8":0,"9":0,"10":0,"11":0,"12":0,"13":0,"14":0,"15":0,"16":0,"17":0,"18":0,"19":0,"20":0,"21":0,"22":0,"23":0,"24":0,"25":0,"26":0,"27":0,"28":0,"29":0,"30":0,"31":0,"32":0,"33":0,"34":0,"35":0,"36":0,"37":0,"38":0,"39":0,"40":0,"41":0,"42":0,"43":0,"44":0,"45":0,"46":0,"47":0,"48":0,"49":0,"50":0,"51":0,"52":0,"53":0,"54":0,"55":0,"56":0,"57":0,"58":0,"59":0,"60":0,"61":0,"62":0,"63":0,"64":0,"65":0,"66":0,"67":0,"68":0,"69":0,"70":0,"71":0,"72":0,"73":0,"74":0,"75":0,"76":0,"77":0,"78":0,"79":0,"80":0,"81":0,"82":0,"83":0,"84":0,"85":0,"86":0,"87":0,"88":0,"89":0,"90":0,"91":0,"92":0,"93":0,"94":0,"95":0,"96":0,"97":0,"98":0,"99":0,"100":0,"101":0,"102":0,"103":0,"104":0,"105":0,"106":0,"107":0,"108":0,"109":0,"110":0,"111":0,"112":0,"113":0,"114":0,"115":0,"116":0,"117":0,"118":0,"119":0,"120":0,"121":0,"122":0,"123":0,"124":0,"125":0,"126":0,"127":0,"128":0,"129":0,"130":0,"131":0,"132":0,"133":0,"134":0,"135":0,"136":0,"137":0,"138":0,"139":0,"140":0,"141":0,"142":0,"143":0,"144":0,"145":0,"146":0,"147":0,"148":0,"149":0,"150":0,"151":0,"152":0,"153":0,"154":0,"155":0,"156":0,"157":0,"158":0,"159":0,"160":0,"161":0,"162":0,"163":0,"164":0,"165":0,"166":0,"167":0,"168":0,"169":0,"170":0,"171":0,"172":0,"173":0,"174":0,"175":0,"176":0,"177":0,"178":0,"179":0,"180":0,"181":0,"182":0,"183":0,"184":0,"185":0,"186":0,"187":0,"188":0,"189":0,"190":0,"191":0,"192":0,"193":0,"194":0,"195":0,"196":0,"197":0,"198":0,"199":0,"200":0,"201":0,"202":0,"203":0,"204":0,"205":0,"206":0,"207":0},"b":{"1":[0,0],"2":[0,0],"3":[0,0],"4":[0,0],"5":[0,0],"6":[0,0],"7":[0,0],"8":[0,0],"9":[0,0],"10":[0,0],"11":[0,0],"12":[0,0],"13":[0,0],"14":[0,0],"15":[0,0],"16":[0,0],"17":[0,0],"18":[0,0],"19":[0,0],"20":[0,0],"21":[0,0],"22":[0,0],"23":[0,0],"24":[0,0],"25":[0,0],"26":[0,0],"27":[0,0],"28":[0,0],"29":[0,0],"30":[0,0],"31":[0,0],"32":[0,0],"33":[0,0],"34":[0,0],"35":[0,0],"36":[0,0],"37":[0,0],"38":[0,0],"39":[0,0],"40":[0,0],"41":[0,0],"42":[0,0],"43":[0,0]},"f":{"1":0,"2":0,"3":0,"4":0,"5":0,"6":0,"7":0,"8":0,"9":0,"10":0,"11":0,"12":0,"13":0,"14":0,"15":0,"16":0,"17":0,"18":0,"19":0,"20":0,"21":0,"22":0,"23":0,"24":0,"25":0,"26":0,"27":0,"28":0,"29":0,"30":0,"31":0,"32":0,"33":0,"34":0,"35":0,"36":0,"37":0,"38":0,"39":0,"40":0,"41":0,"42":0,"43":0,"44":0,"45":0,"46":0,"47":0,"48":0,"49":0,"50":0,"51":0,"52":0,"53":0,"54":0,"55":0,"56":0,"57":0,"58":0,"59":0,"60":0,"61":0,"62":0,"63":0,"64":0,"65":0,"66":0,"67":0,"68":0,"69":0,"70":0,"71":0,"72":0,"73":0,"74":0,"75":0,"76":0,"77":0,"78":0,"79":0,"80":0,"81":0,"82":0,"83":0,"84":0,"85":0,"86":0},"fnMap":{"1":{"name":"isContract","line":34,"loc":{"start":{"line":34,"column":4},"end":{"line":43,"column":4}}},"2":{"name":"sendValue","line":61,"loc":{"start":{"line":61,"column":4},"end":{"line":67,"column":4}}},"3":{"name":"functionCall","line":87,"loc":{"start":{"line":87,"column":4},"end":{"line":89,"column":4}}},"4":{"name":"functionCall","line":97,"loc":{"start":{"line":97,"column":4},"end":{"line":99,"column":4}}},"5":{"name":"functionCallWithValue","line":112,"loc":{"start":{"line":112,"column":4},"end":{"line":114,"column":4}}},"6":{"name":"functionCallWithValue","line":122,"loc":{"start":{"line":122,"column":4},"end":{"line":125,"column":4}}},"7":{"name":"_functionCallWithValue","line":127,"loc":{"start":{"line":127,"column":4},"end":{"line":148,"column":4}}},"8":{"name":"_msgSender","line":164,"loc":{"start":{"line":164,"column":4},"end":{"line":166,"column":4}}},"9":{"name":"_msgData","line":168,"loc":{"start":{"line":168,"column":4},"end":{"line":171,"column":4}}},"10":{"name":"_set","line":231,"loc":{"start":{"line":231,"column":4},"end":{"line":245,"column":4}}},"11":{"name":"_remove","line":252,"loc":{"start":{"line":252,"column":4},"end":{"line":284,"column":4}}},"12":{"name":"_contains","line":289,"loc":{"start":{"line":289,"column":4},"end":{"line":291,"column":4}}},"13":{"name":"_length","line":296,"loc":{"start":{"line":296,"column":4},"end":{"line":298,"column":4}}},"14":{"name":"_at","line":310,"loc":{"start":{"line":310,"column":4},"end":{"line":315,"column":4}}},"15":{"name":"_get","line":324,"loc":{"start":{"line":324,"column":4},"end":{"line":326,"column":4}}},"16":{"name":"_get","line":331,"loc":{"start":{"line":331,"column":4},"end":{"line":335,"column":4}}},"17":{"name":"set","line":350,"loc":{"start":{"line":350,"column":4},"end":{"line":352,"column":4}}},"18":{"name":"remove","line":359,"loc":{"start":{"line":359,"column":4},"end":{"line":361,"column":4}}},"19":{"name":"contains","line":366,"loc":{"start":{"line":366,"column":4},"end":{"line":368,"column":4}}},"20":{"name":"length","line":373,"loc":{"start":{"line":373,"column":4},"end":{"line":375,"column":4}}},"21":{"name":"at","line":386,"loc":{"start":{"line":386,"column":4},"end":{"line":389,"column":4}}},"22":{"name":"get","line":398,"loc":{"start":{"line":398,"column":4},"end":{"line":400,"column":4}}},"23":{"name":"get","line":405,"loc":{"start":{"line":405,"column":4},"end":{"line":407,"column":4}}},"24":{"name":"_add","line":461,"loc":{"start":{"line":461,"column":4},"end":{"line":471,"column":4}}},"25":{"name":"_remove","line":479,"loc":{"start":{"line":479,"column":4},"end":{"line":511,"column":4}}},"26":{"name":"_contains","line":516,"loc":{"start":{"line":516,"column":4},"end":{"line":518,"column":4}}},"27":{"name":"_length","line":523,"loc":{"start":{"line":523,"column":4},"end":{"line":525,"column":4}}},"28":{"name":"_at","line":537,"loc":{"start":{"line":537,"column":4},"end":{"line":540,"column":4}}},"29":{"name":"add","line":554,"loc":{"start":{"line":554,"column":4},"end":{"line":556,"column":4}}},"30":{"name":"remove","line":564,"loc":{"start":{"line":564,"column":4},"end":{"line":566,"column":4}}},"31":{"name":"contains","line":571,"loc":{"start":{"line":571,"column":4},"end":{"line":573,"column":4}}},"32":{"name":"length","line":578,"loc":{"start":{"line":578,"column":4},"end":{"line":580,"column":4}}},"33":{"name":"at","line":592,"loc":{"start":{"line":592,"column":4},"end":{"line":594,"column":4}}},"34":{"name":"add","line":609,"loc":{"start":{"line":609,"column":4},"end":{"line":611,"column":4}}},"35":{"name":"remove","line":619,"loc":{"start":{"line":619,"column":4},"end":{"line":621,"column":4}}},"36":{"name":"contains","line":626,"loc":{"start":{"line":626,"column":4},"end":{"line":628,"column":4}}},"37":{"name":"length","line":633,"loc":{"start":{"line":633,"column":4},"end":{"line":635,"column":4}}},"38":{"name":"at","line":647,"loc":{"start":{"line":647,"column":4},"end":{"line":649,"column":4}}},"39":{"name":"add","line":722,"loc":{"start":{"line":722,"column":4},"end":{"line":727,"column":4}}},"40":{"name":"sub","line":739,"loc":{"start":{"line":739,"column":4},"end":{"line":741,"column":4}}},"41":{"name":"sub","line":753,"loc":{"start":{"line":753,"column":4},"end":{"line":758,"column":4}}},"42":{"name":"mul","line":770,"loc":{"start":{"line":770,"column":4},"end":{"line":782,"column":4}}},"43":{"name":"div","line":796,"loc":{"start":{"line":796,"column":4},"end":{"line":798,"column":4}}},"44":{"name":"div","line":812,"loc":{"start":{"line":812,"column":4},"end":{"line":818,"column":4}}},"45":{"name":"mod","line":832,"loc":{"start":{"line":832,"column":4},"end":{"line":834,"column":4}}},"46":{"name":"mod","line":848,"loc":{"start":{"line":848,"column":4},"end":{"line":851,"column":4}}},"47":{"name":"toString","line":863,"loc":{"start":{"line":863,"column":4},"end":{"line":884,"column":4}}},"48":{"name":"constructor","line":906,"loc":{"start":{"line":906,"column":4},"end":{"line":910,"column":4}}},"49":{"name":"supportsInterface","line":917,"loc":{"start":{"line":917,"column":4},"end":{"line":919,"column":4}}},"50":{"name":"_registerInterface","line":932,"loc":{"start":{"line":932,"column":4},"end":{"line":935,"column":4}}},"51":{"name":"constructor","line":1192,"loc":{"start":{"line":1192,"column":4},"end":{"line":1200,"column":4}}},"52":{"name":"balanceOf","line":1205,"loc":{"start":{"line":1205,"column":4},"end":{"line":1209,"column":4}}},"53":{"name":"ownerOf","line":1214,"loc":{"start":{"line":1214,"column":4},"end":{"line":1216,"column":4}}},"54":{"name":"name","line":1221,"loc":{"start":{"line":1221,"column":4},"end":{"line":1223,"column":4}}},"55":{"name":"symbol","line":1228,"loc":{"start":{"line":1228,"column":4},"end":{"line":1230,"column":4}}},"56":{"name":"tokenURI","line":1235,"loc":{"start":{"line":1235,"column":4},"end":{"line":1250,"column":4}}},"57":{"name":"baseURI","line":1257,"loc":{"start":{"line":1257,"column":4},"end":{"line":1259,"column":4}}},"58":{"name":"tokenOfOwnerByIndex","line":1264,"loc":{"start":{"line":1264,"column":4},"end":{"line":1266,"column":4}}},"59":{"name":"totalSupply","line":1271,"loc":{"start":{"line":1271,"column":4},"end":{"line":1274,"column":4}}},"60":{"name":"tokenByIndex","line":1279,"loc":{"start":{"line":1279,"column":4},"end":{"line":1282,"column":4}}},"61":{"name":"approve","line":1287,"loc":{"start":{"line":1287,"column":4},"end":{"line":1296,"column":4}}},"62":{"name":"getApproved","line":1301,"loc":{"start":{"line":1301,"column":4},"end":{"line":1305,"column":4}}},"63":{"name":"setApprovalForAll","line":1310,"loc":{"start":{"line":1310,"column":4},"end":{"line":1315,"column":4}}},"64":{"name":"isApprovedForAll","line":1320,"loc":{"start":{"line":1320,"column":4},"end":{"line":1322,"column":4}}},"65":{"name":"transferFrom","line":1327,"loc":{"start":{"line":1327,"column":4},"end":{"line":1332,"column":4}}},"66":{"name":"safeTransferFrom","line":1337,"loc":{"start":{"line":1337,"column":4},"end":{"line":1339,"column":4}}},"67":{"name":"safeTransferFrom","line":1344,"loc":{"start":{"line":1344,"column":4},"end":{"line":1347,"column":4}}},"68":{"name":"_safeTransfer","line":1367,"loc":{"start":{"line":1367,"column":4},"end":{"line":1370,"column":4}}},"69":{"name":"_exists","line":1380,"loc":{"start":{"line":1380,"column":4},"end":{"line":1382,"column":4}}},"70":{"name":"_isApprovedOrOwner","line":1391,"loc":{"start":{"line":1391,"column":4},"end":{"line":1395,"column":4}}},"71":{"name":"_safeMint","line":1407,"loc":{"start":{"line":1407,"column":4},"end":{"line":1409,"column":4}}},"72":{"name":"_safeMint","line":1415,"loc":{"start":{"line":1415,"column":4},"end":{"line":1418,"column":4}}},"73":{"name":"_mint","line":1432,"loc":{"start":{"line":1432,"column":4},"end":{"line":1443,"column":4}}},"74":{"name":"_burn","line":1455,"loc":{"start":{"line":1455,"column":4},"end":{"line":1473,"column":4}}},"75":{"name":"_transfer","line":1486,"loc":{"start":{"line":1486,"column":4},"end":{"line":1501,"column":4}}},"76":{"name":"_setTokenURI","line":1510,"loc":{"start":{"line":1510,"column":4},"end":{"line":1513,"column":4}}},"77":{"name":"_setBaseURI","line":1520,"loc":{"start":{"line":1520,"column":4},"end":{"line":1522,"column":4}}},"78":{"name":"_checkOnERC721Received","line":1534,"loc":{"start":{"line":1534,"column":4},"end":{"line":1549,"column":4}}},"79":{"name":"_approve","line":1551,"loc":{"start":{"line":1551,"column":4},"end":{"line":1554,"column":4}}},"80":{"name":"_beforeTokenTransfer","line":1571,"loc":{"start":{"line":1571,"column":4},"end":{"line":1571,"column":96}}},"81":{"name":"constructor","line":1579,"loc":{"start":{"line":1579,"column":1},"end":{"line":1581,"column":1}}},"82":{"name":"wrap","line":1583,"loc":{"start":{"line":1583,"column":1},"end":{"line":1586,"column":1}}},"83":{"name":"wrapMany","line":1588,"loc":{"start":{"line":1588,"column":1},"end":{"line":1591,"column":1}}},"84":{"name":"unwrap","line":1593,"loc":{"start":{"line":1593,"column":1},"end":{"line":1597,"column":1}}},"85":{"name":"unwrapMany","line":1599,"loc":{"start":{"line":1599,"column":1},"end":{"line":1602,"column":1}}},"86":{"name":"onERC721Received","line":1604,"loc":{"start":{"line":1604,"column":1},"end":{"line":1608,"column":1}}}},"statementMap":{"1":{"start":{"line":39,"column":8},"end":{"line":39,"column":20}},"2":{"start":{"line":42,"column":8},"end":{"line":42,"column":23}},"3":{"start":{"line":62,"column":8},"end":{"line":62,"column":80}},"4":{"start":{"line":65,"column":8},"end":{"line":65,"column":62}},"5":{"start":{"line":66,"column":8},"end":{"line":66,"column":85}},"6":{"start":{"line":88,"column":6},"end":{"line":88,"column":73}},"7":{"start":{"line":98,"column":8},"end":{"line":98,"column":68}},"8":{"start":{"line":113,"column":8},"end":{"line":113,"column":102}},"9":{"start":{"line":123,"column":8},"end":{"line":123,"column":88}},"10":{"start":{"line":124,"column":8},"end":{"line":124,"column":72}},"11":{"start":{"line":128,"column":8},"end":{"line":128,"column":67}},"12":{"start":{"line":131,"column":8},"end":{"line":131,"column":86}},"13":{"start":{"line":132,"column":8},"end":{"line":132,"column":5431}},"14":{"start":{"line":133,"column":12},"end":{"line":133,"column":29}},"15":{"start":{"line":136,"column":12},"end":{"line":136,"column":5576}},"16":{"start":{"line":145,"column":16},"end":{"line":145,"column":35}},"17":{"start":{"line":165,"column":8},"end":{"line":165,"column":25}},"18":{"start":{"line":170,"column":8},"end":{"line":170,"column":23}},"19":{"start":{"line":233,"column":8},"end":{"line":233,"column":44}},"20":{"start":{"line":235,"column":8},"end":{"line":235,"column":9030}},"21":{"start":{"line":236,"column":12},"end":{"line":236,"column":68}},"22":{"start":{"line":239,"column":12},"end":{"line":239,"column":50}},"23":{"start":{"line":240,"column":12},"end":{"line":240,"column":23}},"24":{"start":{"line":242,"column":12},"end":{"line":242,"column":52}},"25":{"start":{"line":243,"column":12},"end":{"line":243,"column":24}},"26":{"start":{"line":254,"column":8},"end":{"line":254,"column":44}},"27":{"start":{"line":256,"column":8},"end":{"line":256,"column":9864}},"28":{"start":{"line":261,"column":12},"end":{"line":261,"column":48}},"29":{"start":{"line":262,"column":12},"end":{"line":262,"column":55}},"30":{"start":{"line":267,"column":12},"end":{"line":267,"column":64}},"31":{"start":{"line":270,"column":12},"end":{"line":270,"column":50}},"32":{"start":{"line":272,"column":12},"end":{"line":272,"column":59}},"33":{"start":{"line":275,"column":12},"end":{"line":275,"column":29}},"34":{"start":{"line":280,"column":12},"end":{"line":280,"column":23}},"35":{"start":{"line":282,"column":12},"end":{"line":282,"column":24}},"36":{"start":{"line":290,"column":8},"end":{"line":290,"column":37}},"37":{"start":{"line":297,"column":8},"end":{"line":297,"column":34}},"38":{"start":{"line":311,"column":8},"end":{"line":311,"column":81}},"39":{"start":{"line":313,"column":8},"end":{"line":313,"column":52}},"40":{"start":{"line":314,"column":8},"end":{"line":314,"column":41}},"41":{"start":{"line":325,"column":8},"end":{"line":325,"column":63}},"42":{"start":{"line":332,"column":8},"end":{"line":332,"column":44}},"43":{"start":{"line":333,"column":8},"end":{"line":333,"column":43}},"44":{"start":{"line":334,"column":8},"end":{"line":334,"column":48}},"45":{"start":{"line":351,"column":8},"end":{"line":351,"column":70}},"46":{"start":{"line":360,"column":8},"end":{"line":360,"column":48}},"47":{"start":{"line":367,"column":8},"end":{"line":367,"column":50}},"48":{"start":{"line":374,"column":8},"end":{"line":374,"column":34}},"49":{"start":{"line":387,"column":8},"end":{"line":387,"column":61}},"50":{"start":{"line":388,"column":8},"end":{"line":388,"column":54}},"51":{"start":{"line":399,"column":8},"end":{"line":399,"column":63}},"52":{"start":{"line":406,"column":8},"end":{"line":406,"column":77}},"53":{"start":{"line":462,"column":8},"end":{"line":462,"column":16984}},"54":{"start":{"line":463,"column":12},"end":{"line":463,"column":34}},"55":{"start":{"line":466,"column":12},"end":{"line":466,"column":51}},"56":{"start":{"line":467,"column":12},"end":{"line":467,"column":23}},"57":{"start":{"line":469,"column":12},"end":{"line":469,"column":24}},"58":{"start":{"line":481,"column":8},"end":{"line":481,"column":48}},"59":{"start":{"line":483,"column":8},"end":{"line":483,"column":17710}},"60":{"start":{"line":488,"column":12},"end":{"line":488,"column":50}},"61":{"start":{"line":489,"column":12},"end":{"line":489,"column":54}},"62":{"start":{"line":494,"column":12},"end":{"line":494,"column":54}},"63":{"start":{"line":497,"column":12},"end":{"line":497,"column":49}},"64":{"start":{"line":499,"column":12},"end":{"line":499,"column":54}},"65":{"start":{"line":502,"column":12},"end":{"line":502,"column":28}},"66":{"start":{"line":507,"column":12},"end":{"line":507,"column":23}},"67":{"start":{"line":509,"column":12},"end":{"line":509,"column":24}},"68":{"start":{"line":517,"column":8},"end":{"line":517,"column":39}},"69":{"start":{"line":524,"column":8},"end":{"line":524,"column":33}},"70":{"start":{"line":538,"column":8},"end":{"line":538,"column":80}},"71":{"start":{"line":539,"column":8},"end":{"line":539,"column":33}},"72":{"start":{"line":555,"column":8},"end":{"line":555,"column":56}},"73":{"start":{"line":565,"column":8},"end":{"line":565,"column":59}},"74":{"start":{"line":572,"column":8},"end":{"line":572,"column":61}},"75":{"start":{"line":579,"column":8},"end":{"line":579,"column":34}},"76":{"start":{"line":593,"column":8},"end":{"line":593,"column":55}},"77":{"start":{"line":610,"column":8},"end":{"line":610,"column":47}},"78":{"start":{"line":620,"column":8},"end":{"line":620,"column":50}},"79":{"start":{"line":627,"column":8},"end":{"line":627,"column":52}},"80":{"start":{"line":634,"column":8},"end":{"line":634,"column":34}},"81":{"start":{"line":648,"column":8},"end":{"line":648,"column":46}},"82":{"start":{"line":723,"column":8},"end":{"line":723,"column":25}},"83":{"start":{"line":724,"column":8},"end":{"line":724,"column":53}},"84":{"start":{"line":726,"column":8},"end":{"line":726,"column":16}},"85":{"start":{"line":740,"column":8},"end":{"line":740,"column":58}},"86":{"start":{"line":754,"column":8},"end":{"line":754,"column":36}},"87":{"start":{"line":755,"column":8},"end":{"line":755,"column":25}},"88":{"start":{"line":757,"column":8},"end":{"line":757,"column":16}},"89":{"start":{"line":774,"column":8},"end":{"line":774,"column":27222}},"90":{"start":{"line":775,"column":12},"end":{"line":775,"column":20}},"91":{"start":{"line":778,"column":8},"end":{"line":778,"column":25}},"92":{"start":{"line":779,"column":8},"end":{"line":779,"column":63}},"93":{"start":{"line":781,"column":8},"end":{"line":781,"column":16}},"94":{"start":{"line":797,"column":8},"end":{"line":797,"column":54}},"95":{"start":{"line":813,"column":8},"end":{"line":813,"column":35}},"96":{"start":{"line":814,"column":8},"end":{"line":814,"column":25}},"97":{"start":{"line":817,"column":8},"end":{"line":817,"column":16}},"98":{"start":{"line":833,"column":8},"end":{"line":833,"column":52}},"99":{"start":{"line":849,"column":8},"end":{"line":849,"column":36}},"100":{"start":{"line":850,"column":8},"end":{"line":850,"column":20}},"101":{"start":{"line":867,"column":8},"end":{"line":867,"column":30422}},"102":{"start":{"line":868,"column":12},"end":{"line":868,"column":22}},"103":{"start":{"line":870,"column":8},"end":{"line":870,"column":28}},"104":{"start":{"line":871,"column":8},"end":{"line":871,"column":22}},"105":{"start":{"line":872,"column":8},"end":{"line":872,"column":30536}},"106":{"start":{"line":874,"column":12},"end":{"line":874,"column":21}},"107":{"start":{"line":876,"column":8},"end":{"line":876,"column":47}},"108":{"start":{"line":877,"column":8},"end":{"line":877,"column":34}},"109":{"start":{"line":878,"column":8},"end":{"line":878,"column":19}},"110":{"start":{"line":879,"column":8},"end":{"line":879,"column":30727}},"111":{"start":{"line":880,"column":12},"end":{"line":880,"column":56}},"112":{"start":{"line":881,"column":12},"end":{"line":881,"column":21}},"113":{"start":{"line":883,"column":8},"end":{"line":883,"column":29}},"114":{"start":{"line":909,"column":8},"end":{"line":909,"column":47}},"115":{"start":{"line":918,"column":8},"end":{"line":918,"column":48}},"116":{"start":{"line":933,"column":8},"end":{"line":933,"column":73}},"117":{"start":{"line":934,"column":8},"end":{"line":934,"column":47}},"118":{"start":{"line":1193,"column":8},"end":{"line":1193,"column":19}},"119":{"start":{"line":1194,"column":8},"end":{"line":1194,"column":23}},"120":{"start":{"line":1197,"column":8},"end":{"line":1197,"column":47}},"121":{"start":{"line":1198,"column":8},"end":{"line":1198,"column":56}},"122":{"start":{"line":1199,"column":8},"end":{"line":1199,"column":58}},"123":{"start":{"line":1206,"column":8},"end":{"line":1206,"column":81}},"124":{"start":{"line":1208,"column":8},"end":{"line":1208,"column":44}},"125":{"start":{"line":1215,"column":8},"end":{"line":1215,"column":85}},"126":{"start":{"line":1222,"column":8},"end":{"line":1222,"column":20}},"127":{"start":{"line":1229,"column":8},"end":{"line":1229,"column":22}},"128":{"start":{"line":1236,"column":8},"end":{"line":1236,"column":83}},"129":{"start":{"line":1238,"column":8},"end":{"line":1238,"column":53}},"130":{"start":{"line":1241,"column":8},"end":{"line":1241,"column":43390}},"131":{"start":{"line":1242,"column":12},"end":{"line":1242,"column":28}},"132":{"start":{"line":1245,"column":8},"end":{"line":1245,"column":43562}},"133":{"start":{"line":1246,"column":12},"end":{"line":1246,"column":64}},"134":{"start":{"line":1249,"column":8},"end":{"line":1249,"column":69}},"135":{"start":{"line":1258,"column":8},"end":{"line":1258,"column":23}},"136":{"start":{"line":1265,"column":8},"end":{"line":1265,"column":45}},"137":{"start":{"line":1273,"column":8},"end":{"line":1273,"column":36}},"138":{"start":{"line":1280,"column":8},"end":{"line":1280,"column":52}},"139":{"start":{"line":1281,"column":8},"end":{"line":1281,"column":22}},"140":{"start":{"line":1288,"column":8},"end":{"line":1288,"column":40}},"141":{"start":{"line":1289,"column":8},"end":{"line":1289,"column":64}},"142":{"start":{"line":1291,"column":8},"end":{"line":1291,"column":45140}},"143":{"start":{"line":1295,"column":8},"end":{"line":1295,"column":28}},"144":{"start":{"line":1302,"column":8},"end":{"line":1302,"column":80}},"145":{"start":{"line":1304,"column":8},"end":{"line":1304,"column":39}},"146":{"start":{"line":1311,"column":8},"end":{"line":1311,"column":69}},"147":{"start":{"line":1313,"column":8},"end":{"line":1313,"column":60}},"148":{"start":{"line":1314,"column":8},"end":{"line":1314,"column":61}},"149":{"start":{"line":1321,"column":8},"end":{"line":1321,"column":50}},"150":{"start":{"line":1329,"column":8},"end":{"line":1329,"column":110}},"151":{"start":{"line":1331,"column":8},"end":{"line":1331,"column":35}},"152":{"start":{"line":1338,"column":8},"end":{"line":1338,"column":46}},"153":{"start":{"line":1345,"column":8},"end":{"line":1345,"column":110}},"154":{"start":{"line":1346,"column":8},"end":{"line":1346,"column":46}},"155":{"start":{"line":1368,"column":8},"end":{"line":1368,"column":35}},"156":{"start":{"line":1369,"column":8},"end":{"line":1369,"column":118}},"157":{"start":{"line":1381,"column":8},"end":{"line":1381,"column":45}},"158":{"start":{"line":1392,"column":8},"end":{"line":1392,"column":80}},"159":{"start":{"line":1393,"column":8},"end":{"line":1393,"column":40}},"160":{"start":{"line":1394,"column":8},"end":{"line":1394,"column":104}},"161":{"start":{"line":1408,"column":8},"end":{"line":1408,"column":33}},"162":{"start":{"line":1416,"column":8},"end":{"line":1416,"column":25}},"163":{"start":{"line":1417,"column":8},"end":{"line":1417,"column":124}},"164":{"start":{"line":1433,"column":8},"end":{"line":1433,"column":68}},"165":{"start":{"line":1434,"column":8},"end":{"line":1434,"column":65}},"166":{"start":{"line":1436,"column":8},"end":{"line":1436,"column":52}},"167":{"start":{"line":1438,"column":8},"end":{"line":1438,"column":37}},"168":{"start":{"line":1440,"column":8},"end":{"line":1440,"column":36}},"169":{"start":{"line":1442,"column":8},"end":{"line":1442,"column":46}},"170":{"start":{"line":1456,"column":8},"end":{"line":1456,"column":40}},"171":{"start":{"line":1458,"column":8},"end":{"line":1458,"column":55}},"172":{"start":{"line":1461,"column":8},"end":{"line":1461,"column":36}},"173":{"start":{"line":1464,"column":8},"end":{"line":1464,"column":51243}},"174":{"start":{"line":1468,"column":8},"end":{"line":1468,"column":43}},"175":{"start":{"line":1470,"column":8},"end":{"line":1470,"column":35}},"176":{"start":{"line":1472,"column":8},"end":{"line":1472,"column":49}},"177":{"start":{"line":1487,"column":8},"end":{"line":1487,"column":85}},"178":{"start":{"line":1488,"column":8},"end":{"line":1488,"column":72}},"179":{"start":{"line":1490,"column":8},"end":{"line":1490,"column":46}},"180":{"start":{"line":1493,"column":8},"end":{"line":1493,"column":36}},"181":{"start":{"line":1495,"column":8},"end":{"line":1495,"column":42}},"182":{"start":{"line":1496,"column":8},"end":{"line":1496,"column":37}},"183":{"start":{"line":1498,"column":8},"end":{"line":1498,"column":36}},"184":{"start":{"line":1500,"column":8},"end":{"line":1500,"column":40}},"185":{"start":{"line":1511,"column":8},"end":{"line":1511,"column":80}},"186":{"start":{"line":1512,"column":8},"end":{"line":1512,"column":38}},"187":{"start":{"line":1521,"column":8},"end":{"line":1521,"column":26}},"188":{"start":{"line":1537,"column":8},"end":{"line":1537,"column":53738}},"189":{"start":{"line":1538,"column":12},"end":{"line":1538,"column":23}},"190":{"start":{"line":1540,"column":8},"end":{"line":1540,"column":53861}},"191":{"start":{"line":1547,"column":8},"end":{"line":1547,"column":56}},"192":{"start":{"line":1548,"column":8},"end":{"line":1548,"column":43}},"193":{"start":{"line":1552,"column":8},"end":{"line":1552,"column":36}},"194":{"start":{"line":1553,"column":8},"end":{"line":1553,"column":52}},"195":{"start":{"line":1580,"column":2},"end":{"line":1580,"column":51}},"196":{"start":{"line":1584,"column":2},"end":{"line":1584,"column":28}},"197":{"start":{"line":1585,"column":2},"end":{"line":1585,"column":55}},"198":{"start":{"line":1589,"column":2},"end":{"line":1589,"column":55503}},"199":{"start":{"line":1590,"column":3},"end":{"line":1590,"column":20}},"200":{"start":{"line":1594,"column":2},"end":{"line":1594,"column":41}},"201":{"start":{"line":1595,"column":2},"end":{"line":1595,"column":16}},"202":{"start":{"line":1596,"column":2},"end":{"line":1596,"column":59}},"203":{"start":{"line":1600,"column":2},"end":{"line":1600,"column":55816}},"204":{"start":{"line":1601,"column":3},"end":{"line":1601,"column":22}},"205":{"start":{"line":1605,"column":2},"end":{"line":1605,"column":37}},"206":{"start":{"line":1606,"column":2},"end":{"line":1606,"column":23}},"207":{"start":{"line":1607,"column":2},"end":{"line":1607,"column":46}}},"branchMap":{"1":{"line":62,"type":"if","locations":[{"start":{"line":62,"column":8},"end":{"line":62,"column":8}},{"start":{"line":62,"column":8},"end":{"line":62,"column":8}}]},"2":{"line":66,"type":"if","locations":[{"start":{"line":66,"column":8},"end":{"line":66,"column":8}},{"start":{"line":66,"column":8},"end":{"line":66,"column":8}}]},"3":{"line":123,"type":"if","locations":[{"start":{"line":123,"column":8},"end":{"line":123,"column":8}},{"start":{"line":123,"column":8},"end":{"line":123,"column":8}}]},"4":{"line":128,"type":"if","locations":[{"start":{"line":128,"column":8},"end":{"line":128,"column":8}},{"start":{"line":128,"column":8},"end":{"line":128,"column":8}}]},"5":{"line":132,"type":"if","locations":[{"start":{"line":132,"column":8},"end":{"line":132,"column":8}},{"start":{"line":132,"column":8},"end":{"line":132,"column":8}}]},"6":{"line":136,"type":"if","locations":[{"start":{"line":136,"column":12},"end":{"line":136,"column":12}},{"start":{"line":136,"column":12},"end":{"line":136,"column":12}}]},"7":{"line":235,"type":"if","locations":[{"start":{"line":235,"column":8},"end":{"line":235,"column":8}},{"start":{"line":235,"column":8},"end":{"line":235,"column":8}}]},"8":{"line":256,"type":"if","locations":[{"start":{"line":256,"column":8},"end":{"line":256,"column":8}},{"start":{"line":256,"column":8},"end":{"line":256,"column":8}}]},"9":{"line":311,"type":"if","locations":[{"start":{"line":311,"column":8},"end":{"line":311,"column":8}},{"start":{"line":311,"column":8},"end":{"line":311,"column":8}}]},"10":{"line":333,"type":"if","locations":[{"start":{"line":333,"column":8},"end":{"line":333,"column":8}},{"start":{"line":333,"column":8},"end":{"line":333,"column":8}}]},"11":{"line":462,"type":"if","locations":[{"start":{"line":462,"column":8},"end":{"line":462,"column":8}},{"start":{"line":462,"column":8},"end":{"line":462,"column":8}}]},"12":{"line":483,"type":"if","locations":[{"start":{"line":483,"column":8},"end":{"line":483,"column":8}},{"start":{"line":483,"column":8},"end":{"line":483,"column":8}}]},"13":{"line":538,"type":"if","locations":[{"start":{"line":538,"column":8},"end":{"line":538,"column":8}},{"start":{"line":538,"column":8},"end":{"line":538,"column":8}}]},"14":{"line":724,"type":"if","locations":[{"start":{"line":724,"column":8},"end":{"line":724,"column":8}},{"start":{"line":724,"column":8},"end":{"line":724,"column":8}}]},"15":{"line":754,"type":"if","locations":[{"start":{"line":754,"column":8},"end":{"line":754,"column":8}},{"start":{"line":754,"column":8},"end":{"line":754,"column":8}}]},"16":{"line":774,"type":"if","locations":[{"start":{"line":774,"column":8},"end":{"line":774,"column":8}},{"start":{"line":774,"column":8},"end":{"line":774,"column":8}}]},"17":{"line":779,"type":"if","locations":[{"start":{"line":779,"column":8},"end":{"line":779,"column":8}},{"start":{"line":779,"column":8},"end":{"line":779,"column":8}}]},"18":{"line":813,"type":"if","locations":[{"start":{"line":813,"column":8},"end":{"line":813,"column":8}},{"start":{"line":813,"column":8},"end":{"line":813,"column":8}}]},"19":{"line":849,"type":"if","locations":[{"start":{"line":849,"column":8},"end":{"line":849,"column":8}},{"start":{"line":849,"column":8},"end":{"line":849,"column":8}}]},"20":{"line":867,"type":"if","locations":[{"start":{"line":867,"column":8},"end":{"line":867,"column":8}},{"start":{"line":867,"column":8},"end":{"line":867,"column":8}}]},"21":{"line":933,"type":"if","locations":[{"start":{"line":933,"column":8},"end":{"line":933,"column":8}},{"start":{"line":933,"column":8},"end":{"line":933,"column":8}}]},"22":{"line":1206,"type":"if","locations":[{"start":{"line":1206,"column":8},"end":{"line":1206,"column":8}},{"start":{"line":1206,"column":8},"end":{"line":1206,"column":8}}]},"23":{"line":1236,"type":"if","locations":[{"start":{"line":1236,"column":8},"end":{"line":1236,"column":8}},{"start":{"line":1236,"column":8},"end":{"line":1236,"column":8}}]},"24":{"line":1241,"type":"if","locations":[{"start":{"line":1241,"column":8},"end":{"line":1241,"column":8}},{"start":{"line":1241,"column":8},"end":{"line":1241,"column":8}}]},"25":{"line":1245,"type":"if","locations":[{"start":{"line":1245,"column":8},"end":{"line":1245,"column":8}},{"start":{"line":1245,"column":8},"end":{"line":1245,"column":8}}]},"26":{"line":1289,"type":"if","locations":[{"start":{"line":1289,"column":8},"end":{"line":1289,"column":8}},{"start":{"line":1289,"column":8},"end":{"line":1289,"column":8}}]},"27":{"line":1291,"type":"if","locations":[{"start":{"line":1291,"column":8},"end":{"line":1291,"column":8}},{"start":{"line":1291,"column":8},"end":{"line":1291,"column":8}}]},"28":{"line":1302,"type":"if","locations":[{"start":{"line":1302,"column":8},"end":{"line":1302,"column":8}},{"start":{"line":1302,"column":8},"end":{"line":1302,"column":8}}]},"29":{"line":1311,"type":"if","locations":[{"start":{"line":1311,"column":8},"end":{"line":1311,"column":8}},{"start":{"line":1311,"column":8},"end":{"line":1311,"column":8}}]},"30":{"line":1329,"type":"if","locations":[{"start":{"line":1329,"column":8},"end":{"line":1329,"column":8}},{"start":{"line":1329,"column":8},"end":{"line":1329,"column":8}}]},"31":{"line":1345,"type":"if","locations":[{"start":{"line":1345,"column":8},"end":{"line":1345,"column":8}},{"start":{"line":1345,"column":8},"end":{"line":1345,"column":8}}]},"32":{"line":1369,"type":"if","locations":[{"start":{"line":1369,"column":8},"end":{"line":1369,"column":8}},{"start":{"line":1369,"column":8},"end":{"line":1369,"column":8}}]},"33":{"line":1392,"type":"if","locations":[{"start":{"line":1392,"column":8},"end":{"line":1392,"column":8}},{"start":{"line":1392,"column":8},"end":{"line":1392,"column":8}}]},"34":{"line":1417,"type":"if","locations":[{"start":{"line":1417,"column":8},"end":{"line":1417,"column":8}},{"start":{"line":1417,"column":8},"end":{"line":1417,"column":8}}]},"35":{"line":1433,"type":"if","locations":[{"start":{"line":1433,"column":8},"end":{"line":1433,"column":8}},{"start":{"line":1433,"column":8},"end":{"line":1433,"column":8}}]},"36":{"line":1434,"type":"if","locations":[{"start":{"line":1434,"column":8},"end":{"line":1434,"column":8}},{"start":{"line":1434,"column":8},"end":{"line":1434,"column":8}}]},"37":{"line":1464,"type":"if","locations":[{"start":{"line":1464,"column":8},"end":{"line":1464,"column":8}},{"start":{"line":1464,"column":8},"end":{"line":1464,"column":8}}]},"38":{"line":1487,"type":"if","locations":[{"start":{"line":1487,"column":8},"end":{"line":1487,"column":8}},{"start":{"line":1487,"column":8},"end":{"line":1487,"column":8}}]},"39":{"line":1488,"type":"if","locations":[{"start":{"line":1488,"column":8},"end":{"line":1488,"column":8}},{"start":{"line":1488,"column":8},"end":{"line":1488,"column":8}}]},"40":{"line":1511,"type":"if","locations":[{"start":{"line":1511,"column":8},"end":{"line":1511,"column":8}},{"start":{"line":1511,"column":8},"end":{"line":1511,"column":8}}]},"41":{"line":1537,"type":"if","locations":[{"start":{"line":1537,"column":8},"end":{"line":1537,"column":8}},{"start":{"line":1537,"column":8},"end":{"line":1537,"column":8}}]},"42":{"line":1594,"type":"if","locations":[{"start":{"line":1594,"column":2},"end":{"line":1594,"column":2}},{"start":{"line":1594,"column":2},"end":{"line":1594,"column":2}}]},"43":{"line":1605,"type":"if","locations":[{"start":{"line":1605,"column":2},"end":{"line":1605,"column":2}},{"start":{"line":1605,"column":2},"end":{"line":1605,"column":2}}]}}},
"contracts/Converter.sol":{"l":{"65":0,"66":0,"67":0,"68":0,"69":0,"70":0,"75":0,"76":0,"77":0,"79":0,"80":0,"82":0,"83":0,"84":0,"86":0,"91":0,"92":0,"93":0,"95":0,"96":0,"100":0,"105":0,"106":0,"108":0,"109":0,"110":0,"111":0,"113":0,"114":0,"117":0,"119":0,"124":0,"125":0,"128":0,"129":0,"130":0,"132":0,"133":0,"135":0,"136":0,"140":0,"143":0,"145":0,"146":0,"149":0,"151":0,"155":0,"156":0,"157":0,"158":0,"159":0,"161":0,"162":0,"163":0,"165":0,"169":0,"170":0,"171":0,"172":0,"175":0,"176":0,"177":0,"178":0,"179":0,"180":0,"182":0,"185":0,"186":0,"187":0,"188":0,"189":0,"195":0,"196":0,"197":0,"198":0,"200":0,"201":0,"203":0,"204":0,"205":0,"209":0,"212":0,"217":0,"218":0,"220":0,"221":0,"226":0,"227":0,"228":0,"229":0,"231":0,"236":0,"238":0,"239":0,"242":0,"244":0,"247":0,"248":0,"253":0,"260":0,"261":0,"266":0,"267":0},"path":"/Users/jaechung/NFT-Bazaar-Backend/contracts/Converter.sol","s":{"1":0,"2":0,"3":0,"4":0,"5":0,"6":0,"7":0,"8":0,"9":0,"10":0,"11":0,"12":0,"13":0,"14":0,"15":0,"16":0,"17":0,"18":0,"19":0,"20":0,"21":0,"22":0,"23":0,"24":0,"25":0,"26":0,"27":0,"28":0,"29":0,"30":0,"31":0,"32":0,"33":0,"34":0,"35":0,"36":0,"37":0,"38":0,"39":0,"40":0,"41":0,"42":0,"43":0,"44":0,"45":0,"46":0,"47":0,"48":0,"49":0,"50":0,"51":0,"52":0,"53":0,"54":0,"55":0,"56":0,"57":0,"58":0,"59":0,"60":0,"61":0,"62":0,"63":0,"64":0,"65":0,"66":0,"67":0,"68":0,"69":0,"70":0,"71":0,"72":0,"73":0,"74":0,"75":0,"76":0,"77":0,"78":0,"79":0,"80":0,"81":0,"82":0,"83":0,"84":0,"85":0,"86":0,"87":0,"88":0,"89":0,"90":0,"91":0,"92":0,"93":0,"94":0,"95":0,"96":0,"97":0,"98":0},"b":{"1":[0,0],"2":[0,0],"3":[0,0],"4":[0,0],"5":[0,0],"6":[0,0],"7":[0,0],"8":[0,0],"9":[0,0],"10":[0,0],"11":[0,0],"12":[0,0],"13":[0,0],"14":[0,0],"15":[0,0],"16":[0,0],"17":[0,0],"18":[0,0],"19":[0,0],"20":[0,0],"21":[0,0],"22":[0,0],"23":[0,0],"24":[0,0],"25":[0,0],"26":[0,0],"27":[0,0],"28":[0,0],"29":[0,0],"30":[0,0],"31":[0,0],"32":[0,0],"33":[0,0],"34":[0,0],"35":[0,0]},"f":{"1":0,"2":0,"3":0,"4":0,"5":0,"6":0,"7":0,"8":0,"9":0,"10":0,"11":0,"12":0,"13":0},"fnMap":{"1":{"name":"constructor","line":63,"loc":{"start":{"line":61,"column":4},"end":{"line":71,"column":4}}},"2":{"name":"deposit","line":74,"loc":{"start":{"line":74,"column":4},"end":{"line":101,"column":4}}},"3":{"name":"issue","line":104,"loc":{"start":{"line":104,"column":4},"end":{"line":120,"column":4}}},"4":{"name":"refund","line":123,"loc":{"start":{"line":123,"column":4},"end":{"line":152,"column":4}}},"5":{"name":"bid","line":154,"loc":{"start":{"line":154,"column":4},"end":{"line":166,"column":4}}},"6":{"name":"unbid","line":168,"loc":{"start":{"line":168,"column":4},"end":{"line":191,"column":4}}},"7":{"name":"claim","line":194,"loc":{"start":{"line":194,"column":4},"end":{"line":213,"column":4}}},"8":{"name":"approveUnlock","line":216,"loc":{"start":{"line":216,"column":4},"end":{"line":222,"column":4}}},"9":{"name":"unapproveUnlock","line":225,"loc":{"start":{"line":225,"column":4},"end":{"line":232,"column":4}}},"10":{"name":"redeemETH","line":235,"loc":{"start":{"line":235,"column":4},"end":{"line":249,"column":4}}},"11":{"name":"getBlockTimestamp","line":251,"loc":{"start":{"line":251,"column":4},"end":{"line":254,"column":4}}},"12":{"name":"onERC1155Received","line":259,"loc":{"start":{"line":259,"column":4},"end":{"line":263,"column":4}}},"13":{"name":"onERC1155BatchReceived","line":265,"loc":{"start":{"line":265,"column":4},"end":{"line":269,"column":4}}}},"statementMap":{"1":{"start":{"line":65,"column":8},"end":{"line":65,"column":31}},"2":{"start":{"line":66,"column":8},"end":{"line":66,"column":23}},"3":{"start":{"line":67,"column":8},"end":{"line":67,"column":33}},"4":{"start":{"line":68,"column":8},"end":{"line":68,"column":29}},"5":{"start":{"line":69,"column":8},"end":{"line":69,"column":25}},"6":{"start":{"line":70,"column":8},"end":{"line":70,"column":24}},"7":{"start":{"line":75,"column":8},"end":{"line":75,"column":74}},"8":{"start":{"line":76,"column":8},"end":{"line":76,"column":101}},"9":{"start":{"line":77,"column":8},"end":{"line":77,"column":88}},"10":{"start":{"line":79,"column":8},"end":{"line":79,"column":2807}},"11":{"start":{"line":80,"column":12},"end":{"line":80,"column":112}},"12":{"start":{"line":82,"column":12},"end":{"line":82,"column":3003}},"13":{"start":{"line":83,"column":16},"end":{"line":83,"column":3055}},"14":{"start":{"line":86,"column":16},"end":{"line":86,"column":90}},"15":{"start":{"line":91,"column":12},"end":{"line":91,"column":3346}},"16":{"start":{"line":92,"column":16},"end":{"line":92,"column":3398}},"17":{"start":{"line":95,"column":16},"end":{"line":95,"column":89}},"18":{"start":{"line":96,"column":16},"end":{"line":96,"column":81}},"19":{"start":{"line":100,"column":8},"end":{"line":100,"column":55}},"20":{"start":{"line":105,"column":8},"end":{"line":105,"column":83}},"21":{"start":{"line":106,"column":8},"end":{"line":106,"column":69}},"22":{"start":{"line":108,"column":8},"end":{"line":108,"column":20}},"23":{"start":{"line":109,"column":8},"end":{"line":109,"column":39}},"24":{"start":{"line":110,"column":8},"end":{"line":110,"column":29}},"25":{"start":{"line":111,"column":8},"end":{"line":111,"column":4100}},"26":{"start":{"line":113,"column":12},"end":{"line":113,"column":35}},"27":{"start":{"line":114,"column":12},"end":{"line":114,"column":34}},"28":{"start":{"line":117,"column":8},"end":{"line":117,"column":37}},"29":{"start":{"line":119,"column":8},"end":{"line":119,"column":21}},"30":{"start":{"line":124,"column":8},"end":{"line":124,"column":80}},"31":{"start":{"line":125,"column":8},"end":{"line":125,"column":73}},"32":{"start":{"line":128,"column":8},"end":{"line":128,"column":20}},"33":{"start":{"line":129,"column":8},"end":{"line":129,"column":40}},"34":{"start":{"line":130,"column":8},"end":{"line":130,"column":25}},"35":{"start":{"line":132,"column":8},"end":{"line":132,"column":4811}},"36":{"start":{"line":133,"column":12},"end":{"line":133,"column":45}},"37":{"start":{"line":135,"column":12},"end":{"line":135,"column":4906}},"38":{"start":{"line":136,"column":16},"end":{"line":136,"column":109}},"39":{"start":{"line":140,"column":16},"end":{"line":140,"column":90}},"40":{"start":{"line":149,"column":8},"end":{"line":149,"column":31}},"41":{"start":{"line":151,"column":8},"end":{"line":151,"column":23}},"42":{"start":{"line":155,"column":8},"end":{"line":155,"column":107}},"43":{"start":{"line":156,"column":8},"end":{"line":156,"column":42}},"44":{"start":{"line":157,"column":8},"end":{"line":157,"column":80}},"45":{"start":{"line":158,"column":8},"end":{"line":158,"column":67}},"46":{"start":{"line":159,"column":8},"end":{"line":159,"column":86}},"47":{"start":{"line":161,"column":8},"end":{"line":161,"column":71}},"48":{"start":{"line":162,"column":8},"end":{"line":162,"column":58}},"49":{"start":{"line":163,"column":8},"end":{"line":163,"column":50}},"50":{"start":{"line":165,"column":8},"end":{"line":165,"column":56}},"51":{"start":{"line":169,"column":8},"end":{"line":169,"column":42}},"52":{"start":{"line":170,"column":8},"end":{"line":170,"column":54}},"53":{"start":{"line":171,"column":8},"end":{"line":171,"column":6327}},"54":{"start":{"line":172,"column":12},"end":{"line":172,"column":97}},"55":{"start":{"line":175,"column":8},"end":{"line":175,"column":6479}},"56":{"start":{"line":176,"column":12},"end":{"line":176,"column":102}},"57":{"start":{"line":177,"column":12},"end":{"line":177,"column":42}},"58":{"start":{"line":178,"column":12},"end":{"line":178,"column":67}},"59":{"start":{"line":179,"column":12},"end":{"line":179,"column":86}},"60":{"start":{"line":180,"column":12},"end":{"line":180,"column":59}},"61":{"start":{"line":182,"column":12},"end":{"line":182,"column":49}},"62":{"start":{"line":185,"column":12},"end":{"line":185,"column":67}},"63":{"start":{"line":186,"column":12},"end":{"line":186,"column":63}},"64":{"start":{"line":187,"column":12},"end":{"line":187,"column":47}},"65":{"start":{"line":188,"column":12},"end":{"line":188,"column":85}},"66":{"start":{"line":189,"column":12},"end":{"line":189,"column":59}},"67":{"start":{"line":195,"column":8},"end":{"line":195,"column":73}},"68":{"start":{"line":196,"column":8},"end":{"line":196,"column":69}},"69":{"start":{"line":197,"column":8},"end":{"line":197,"column":42}},"70":{"start":{"line":198,"column":8},"end":{"line":198,"column":79}},"71":{"start":{"line":200,"column":8},"end":{"line":200,"column":36}},"72":{"start":{"line":201,"column":8},"end":{"line":201,"column":46}},"73":{"start":{"line":203,"column":8},"end":{"line":203,"column":7762}},"74":{"start":{"line":204,"column":12},"end":{"line":204,"column":29}},"75":{"start":{"line":205,"column":12},"end":{"line":205,"column":136}},"76":{"start":{"line":209,"column":12},"end":{"line":209,"column":110}},"77":{"start":{"line":212,"column":8},"end":{"line":212,"column":68}},"78":{"start":{"line":217,"column":8},"end":{"line":217,"column":72}},"79":{"start":{"line":218,"column":8},"end":{"line":218,"column":51}},"80":{"start":{"line":220,"column":8},"end":{"line":220,"column":43}},"81":{"start":{"line":221,"column":8},"end":{"line":221,"column":28}},"82":{"start":{"line":226,"column":8},"end":{"line":226,"column":72}},"83":{"start":{"line":227,"column":8},"end":{"line":227,"column":100}},"84":{"start":{"line":228,"column":8},"end":{"line":228,"column":28}},"85":{"start":{"line":229,"column":8},"end":{"line":229,"column":43}},"86":{"start":{"line":231,"column":8},"end":{"line":231,"column":51}},"87":{"start":{"line":236,"column":8},"end":{"line":236,"column":73}},"88":{"start":{"line":238,"column":8},"end":{"line":238,"column":9219}},"89":{"start":{"line":239,"column":12},"end":{"line":239,"column":55}},"90":{"start":{"line":242,"column":8},"end":{"line":242,"column":66}},"91":{"start":{"line":244,"column":8},"end":{"line":244,"column":37}},"92":{"start":{"line":247,"column":8},"end":{"line":247,"column":125}},"93":{"start":{"line":248,"column":8},"end":{"line":248,"column":55}},"94":{"start":{"line":253,"column":8},"end":{"line":253,"column":30}},"95":{"start":{"line":260,"column":8},"end":{"line":260,"column":10149}},"96":{"start":{"line":261,"column":12},"end":{"line":261,"column":29}},"97":{"start":{"line":266,"column":8},"end":{"line":266,"column":10432}},"98":{"start":{"line":267,"column":12},"end":{"line":267,"column":29}}},"branchMap":{"1":{"line":75,"type":"if","locations":[{"start":{"line":75,"column":8},"end":{"line":75,"column":8}},{"start":{"line":75,"column":8},"end":{"line":75,"column":8}}]},"2":{"line":76,"type":"if","locations":[{"start":{"line":76,"column":8},"end":{"line":76,"column":8}},{"start":{"line":76,"column":8},"end":{"line":76,"column":8}}]},"3":{"line":77,"type":"if","locations":[{"start":{"line":77,"column":8},"end":{"line":77,"column":8}},{"start":{"line":77,"column":8},"end":{"line":77,"column":8}}]},"4":{"line":79,"type":"if","locations":[{"start":{"line":79,"column":8},"end":{"line":79,"column":8}},{"start":{"line":79,"column":8},"end":{"line":79,"column":8}}]},"5":{"line":83,"type":"if","locations":[{"start":{"line":83,"column":16},"end":{"line":83,"column":16}},{"start":{"line":83,"column":16},"end":{"line":83,"column":16}}]},"6":{"line":92,"type":"if","locations":[{"start":{"line":92,"column":16},"end":{"line":92,"column":16}},{"start":{"line":92,"column":16},"end":{"line":92,"column":16}}]},"7":{"line":105,"type":"if","locations":[{"start":{"line":105,"column":8},"end":{"line":105,"column":8}},{"start":{"line":105,"column":8},"end":{"line":105,"column":8}}]},"8":{"line":106,"type":"if","locations":[{"start":{"line":106,"column":8},"end":{"line":106,"column":8}},{"start":{"line":106,"column":8},"end":{"line":106,"column":8}}]},"9":{"line":111,"type":"if","locations":[{"start":{"line":111,"column":8},"end":{"line":111,"column":8}},{"start":{"line":111,"column":8},"end":{"line":111,"column":8}}]},"10":{"line":124,"type":"if","locations":[{"start":{"line":124,"column":8},"end":{"line":124,"column":8}},{"start":{"line":124,"column":8},"end":{"line":124,"column":8}}]},"11":{"line":125,"type":"if","locations":[{"start":{"line":125,"column":8},"end":{"line":125,"column":8}},{"start":{"line":125,"column":8},"end":{"line":125,"column":8}}]},"12":{"line":135,"type":"if","locations":[{"start":{"line":135,"column":12},"end":{"line":135,"column":12}},{"start":{"line":135,"column":12},"end":{"line":135,"column":12}}]},"13":{"line":155,"type":"if","locations":[{"start":{"line":155,"column":8},"end":{"line":155,"column":8}},{"start":{"line":155,"column":8},"end":{"line":155,"column":8}}]},"14":{"line":157,"type":"if","locations":[{"start":{"line":157,"column":8},"end":{"line":157,"column":8}},{"start":{"line":157,"column":8},"end":{"line":157,"column":8}}]},"15":{"line":158,"type":"if","locations":[{"start":{"line":158,"column":8},"end":{"line":158,"column":8}},{"start":{"line":158,"column":8},"end":{"line":158,"column":8}}]},"16":{"line":159,"type":"if","locations":[{"start":{"line":159,"column":8},"end":{"line":159,"column":8}},{"start":{"line":159,"column":8},"end":{"line":159,"column":8}}]},"17":{"line":171,"type":"if","locations":[{"start":{"line":171,"column":8},"end":{"line":171,"column":8}},{"start":{"line":171,"column":8},"end":{"line":171,"column":8}}]},"18":{"line":172,"type":"if","locations":[{"start":{"line":172,"column":12},"end":{"line":172,"column":12}},{"start":{"line":172,"column":12},"end":{"line":172,"column":12}}]},"19":{"line":175,"type":"if","locations":[{"start":{"line":175,"column":8},"end":{"line":175,"column":8}},{"start":{"line":175,"column":8},"end":{"line":175,"column":8}}]},"20":{"line":176,"type":"if","locations":[{"start":{"line":176,"column":12},"end":{"line":176,"column":12}},{"start":{"line":176,"column":12},"end":{"line":176,"column":12}}]},"21":{"line":180,"type":"if","locations":[{"start":{"line":180,"column":12},"end":{"line":180,"column":12}},{"start":{"line":180,"column":12},"end":{"line":180,"column":12}}]},"22":{"line":186,"type":"if","locations":[{"start":{"line":186,"column":12},"end":{"line":186,"column":12}},{"start":{"line":186,"column":12},"end":{"line":186,"column":12}}]},"23":{"line":189,"type":"if","locations":[{"start":{"line":189,"column":12},"end":{"line":189,"column":12}},{"start":{"line":189,"column":12},"end":{"line":189,"column":12}}]},"24":{"line":195,"type":"if","locations":[{"start":{"line":195,"column":8},"end":{"line":195,"column":8}},{"start":{"line":195,"column":8},"end":{"line":195,"column":8}}]},"25":{"line":196,"type":"if","locations":[{"start":{"line":196,"column":8},"end":{"line":196,"column":8}},{"start":{"line":196,"column":8},"end":{"line":196,"column":8}}]},"26":{"line":198,"type":"if","locations":[{"start":{"line":198,"column":8},"end":{"line":198,"column":8}},{"start":{"line":198,"column":8},"end":{"line":198,"column":8}}]},"27":{"line":203,"type":"if","locations":[{"start":{"line":203,"column":8},"end":{"line":203,"column":8}},{"start":{"line":203,"column":8},"end":{"line":203,"column":8}}]},"28":{"line":217,"type":"if","locations":[{"start":{"line":217,"column":8},"end":{"line":217,"column":8}},{"start":{"line":217,"column":8},"end":{"line":217,"column":8}}]},"29":{"line":226,"type":"if","locations":[{"start":{"line":226,"column":8},"end":{"line":226,"column":8}},{"start":{"line":226,"column":8},"end":{"line":226,"column":8}}]},"30":{"line":227,"type":"if","locations":[{"start":{"line":227,"column":8},"end":{"line":227,"column":8}},{"start":{"line":227,"column":8},"end":{"line":227,"column":8}}]},"31":{"line":236,"type":"if","locations":[{"start":{"line":236,"column":8},"end":{"line":236,"column":8}},{"start":{"line":236,"column":8},"end":{"line":236,"column":8}}]},"32":{"line":238,"type":"if","locations":[{"start":{"line":238,"column":8},"end":{"line":238,"column":8}},{"start":{"line":238,"column":8},"end":{"line":238,"column":8}}]},"33":{"line":248,"type":"if","locations":[{"start":{"line":248,"column":8},"end":{"line":248,"column":8}},{"start":{"line":248,"column":8},"end":{"line":248,"column":8}}]},"34":{"line":260,"type":"if","locations":[{"start":{"line":260,"column":8},"end":{"line":260,"column":8}},{"start":{"line":260,"column":8},"end":{"line":260,"column":8}}]},"35":{"line":266,"type":"if","locations":[{"start":{"line":266,"column":8},"end":{"line":266,"column":8}},{"start":{"line":266,"column":8},"end":{"line":266,"column":8}}]}}},
"contracts/GovernorAlpha.sol":{"l":{"148":0,"149":0,"150":0,"154":0,"155":0,"156":0,"157":0,"159":0,"160":0,"161":0,"162":0,"163":0,"166":0,"167":0,"169":0,"170":0,"186":0,"187":0,"189":0,"190":0,"194":0,"195":0,"196":0,"197":0,"198":0,"200":0,"201":0,"205":0,"206":0,"210":0,"211":0,"212":0,"213":0,"214":0,"216":0,"220":0,"221":0,"223":0,"224":0,"226":0,"227":0,"228":0,"231":0,"235":0,"236":0,"240":0,"244":0,"245":0,"246":0,"247":0,"249":0,"251":0,"253":0,"255":0,"257":0,"259":0,"261":0,"266":0,"270":0,"271":0,"272":0,"273":0,"274":0,"275":0,"279":0,"280":0,"281":0,"282":0,"283":0,"285":0,"286":0,"288":0,"291":0,"292":0,"293":0,"295":0,"299":0,"300":0,"304":0,"305":0,"309":0,"310":0,"314":0,"315":0,"319":0,"320":0,"321":0,"325":0,"326":0,"330":0,"331":0,"332":0},"path":"/Users/jaechung/NFT-Bazaar-Backend/contracts/GovernorAlpha.sol","s":{"1":0,"2":0,"3":0,"4":0,"5":0,"6":0,"7":0,"8":0,"9":0,"10":0,"11":0,"12":0,"13":0,"14":0,"15":0,"16":0,"17":0,"18":0,"19":0,"20":0,"21":0,"22":0,"23":0,"24":0,"25":0,"26":0,"27":0,"28":0,"29":0,"30":0,"31":0,"32":0,"33":0,"34":0,"35":0,"36":0,"37":0,"38":0,"39":0,"40":0,"41":0,"42":0,"43":0,"44":0,"45":0,"46":0,"47":0,"48":0,"49":0,"50":0,"51":0,"52":0,"53":0,"54":0,"55":0,"56":0,"57":0,"58":0,"59":0,"60":0,"61":0,"62":0,"63":0,"64":0,"65":0,"66":0,"67":0,"68":0,"69":0,"70":0,"71":0,"72":0,"73":0,"74":0,"75":0,"76":0,"77":0,"78":0,"79":0,"80":0,"81":0,"82":0,"83":0,"84":0,"85":0,"86":0,"87":0,"88":0,"89":0,"90":0,"91":0,"92":0,"93":0,"94":0,"95":0,"96":0,"97":0,"98":0,"99":0,"100":0,"101":0},"b":{"1":[0,0],"2":[0,0],"3":[0,0],"4":[0,0],"5":[0,0],"6":[0,0],"7":[0,0],"8":[0,0],"9":[0,0],"10":[0,0],"11":[0,0],"12":[0,0],"13":[0,0],"14":[0,0],"15":[0,0],"16":[0,0],"17":[0,0],"18":[0,0],"19":[0,0],"20":[0,0],"21":[0,0],"22":[0,0],"23":[0,0],"24":[0,0],"25":[0,0],"26":[0,0],"27":[0,0],"28":[0,0],"29":[0,0],"30":[0,0]},"f":{"1":0,"2":0,"3":0,"4":0,"5":0,"6":0,"7":0,"8":0,"9":0,"10":0,"11":0,"12":0,"13":0,"14":0,"15":0,"16":0,"17":0,"18":0,"19":0,"20":0,"21":0,"22":0,"23":0,"24":0},"fnMap":{"1":{"name":"quorumVotes","line":24,"loc":{"start":{"line":24,"column":4},"end":{"line":24,"column":88}}},"2":{"name":"proposalThreshold","line":28,"loc":{"start":{"line":28,"column":4},"end":{"line":28,"column":94}}},"3":{"name":"proposalMaxOperations","line":31,"loc":{"start":{"line":31,"column":4},"end":{"line":31,"column":77}}},"4":{"name":"votingDelay","line":34,"loc":{"start":{"line":34,"column":4},"end":{"line":34,"column":66}}},"5":{"name":"votingPeriod","line":37,"loc":{"start":{"line":37,"column":4},"end":{"line":37,"column":71}}},"6":{"name":"constructor","line":147,"loc":{"start":{"line":147,"column":4},"end":{"line":151,"column":4}}},"7":{"name":"propose","line":153,"loc":{"start":{"line":153,"column":4},"end":{"line":191,"column":4}}},"8":{"name":"queue","line":193,"loc":{"start":{"line":193,"column":4},"end":{"line":202,"column":4}}},"9":{"name":"_queueOrRevert","line":204,"loc":{"start":{"line":204,"column":4},"end":{"line":207,"column":4}}},"10":{"name":"execute","line":209,"loc":{"start":{"line":209,"column":4},"end":{"line":217,"column":4}}},"11":{"name":"cancel","line":219,"loc":{"start":{"line":219,"column":4},"end":{"line":232,"column":4}}},"12":{"name":"getActions","line":234,"loc":{"start":{"line":234,"column":4},"end":{"line":237,"column":4}}},"13":{"name":"getReceipt","line":239,"loc":{"start":{"line":239,"column":4},"end":{"line":241,"column":4}}},"14":{"name":"state","line":243,"loc":{"start":{"line":243,"column":4},"end":{"line":263,"column":4}}},"15":{"name":"castVote","line":265,"loc":{"start":{"line":265,"column":4},"end":{"line":267,"column":4}}},"16":{"name":"castVoteBySig","line":269,"loc":{"start":{"line":269,"column":4},"end":{"line":276,"column":4}}},"17":{"name":"_castVote","line":278,"loc":{"start":{"line":278,"column":4},"end":{"line":296,"column":4}}},"18":{"name":"__acceptAdmin","line":298,"loc":{"start":{"line":298,"column":4},"end":{"line":301,"column":4}}},"19":{"name":"__abdicate","line":303,"loc":{"start":{"line":303,"column":4},"end":{"line":306,"column":4}}},"20":{"name":"__queueSetTimelockPendingAdmin","line":308,"loc":{"start":{"line":308,"column":4},"end":{"line":311,"column":4}}},"21":{"name":"__executeSetTimelockPendingAdmin","line":313,"loc":{"start":{"line":313,"column":4},"end":{"line":316,"column":4}}},"22":{"name":"add256","line":318,"loc":{"start":{"line":318,"column":4},"end":{"line":322,"column":4}}},"23":{"name":"sub256","line":324,"loc":{"start":{"line":324,"column":4},"end":{"line":327,"column":4}}},"24":{"name":"getChainId","line":329,"loc":{"start":{"line":329,"column":4},"end":{"line":333,"column":4}}}},"statementMap":{"1":{"start":{"line":24,"column":56},"end":{"line":24,"column":86}},"2":{"start":{"line":28,"column":62},"end":{"line":28,"column":92}},"3":{"start":{"line":31,"column":66},"end":{"line":31,"column":75}},"4":{"start":{"line":34,"column":56},"end":{"line":34,"column":64}},"5":{"start":{"line":37,"column":57},"end":{"line":37,"column":69}},"6":{"start":{"line":148,"column":8},"end":{"line":148,"column":46}},"7":{"start":{"line":149,"column":8},"end":{"line":149,"column":25}},"8":{"start":{"line":150,"column":8},"end":{"line":150,"column":27}},"9":{"start":{"line":154,"column":8},"end":{"line":154,"column":160}},"10":{"start":{"line":155,"column":8},"end":{"line":155,"column":196}},"11":{"start":{"line":156,"column":8},"end":{"line":156,"column":83}},"12":{"start":{"line":157,"column":8},"end":{"line":157,"column":101}},"13":{"start":{"line":159,"column":8},"end":{"line":159,"column":61}},"14":{"start":{"line":160,"column":8},"end":{"line":160,"column":7969}},"15":{"start":{"line":161,"column":10},"end":{"line":161,"column":78}},"16":{"start":{"line":162,"column":10},"end":{"line":162,"column":162}},"17":{"start":{"line":163,"column":10},"end":{"line":163,"column":164}},"18":{"start":{"line":166,"column":8},"end":{"line":166,"column":61}},"19":{"start":{"line":167,"column":8},"end":{"line":167,"column":58}},"20":{"start":{"line":170,"column":8},"end":{"line":170,"column":8580}},"21":{"start":{"line":186,"column":8},"end":{"line":186,"column":46}},"22":{"start":{"line":187,"column":8},"end":{"line":187,"column":63}},"23":{"start":{"line":189,"column":8},"end":{"line":189,"column":131}},"24":{"start":{"line":190,"column":8},"end":{"line":190,"column":29}},"25":{"start":{"line":194,"column":8},"end":{"line":194,"column":132}},"26":{"start":{"line":195,"column":8},"end":{"line":195,"column":57}},"27":{"start":{"line":196,"column":8},"end":{"line":196,"column":60}},"28":{"start":{"line":197,"column":8},"end":{"line":197,"column":9620}},"29":{"start":{"line":198,"column":12},"end":{"line":198,"column":118}},"30":{"start":{"line":200,"column":8},"end":{"line":200,"column":25}},"31":{"start":{"line":201,"column":8},"end":{"line":201,"column":44}},"32":{"start":{"line":205,"column":8},"end":{"line":205,"column":176}},"33":{"start":{"line":206,"column":8},"end":{"line":206,"column":69}},"34":{"start":{"line":210,"column":8},"end":{"line":210,"column":130}},"35":{"start":{"line":211,"column":8},"end":{"line":211,"column":57}},"36":{"start":{"line":212,"column":8},"end":{"line":212,"column":31}},"37":{"start":{"line":213,"column":8},"end":{"line":213,"column":10553}},"38":{"start":{"line":214,"column":12},"end":{"line":214,"column":64}},"39":{"start":{"line":216,"column":8},"end":{"line":216,"column":41}},"40":{"start":{"line":220,"column":8},"end":{"line":220,"column":47}},"41":{"start":{"line":221,"column":8},"end":{"line":221,"column":105}},"42":{"start":{"line":223,"column":8},"end":{"line":223,"column":57}},"43":{"start":{"line":224,"column":8},"end":{"line":224,"column":177}},"44":{"start":{"line":226,"column":8},"end":{"line":226,"column":31}},"45":{"start":{"line":227,"column":8},"end":{"line":227,"column":11321}},"46":{"start":{"line":228,"column":12},"end":{"line":228,"column":139}},"47":{"start":{"line":231,"column":8},"end":{"line":231,"column":41}},"48":{"start":{"line":235,"column":8},"end":{"line":235,"column":50}},"49":{"start":{"line":236,"column":8},"end":{"line":236,"column":63}},"50":{"start":{"line":240,"column":8},"end":{"line":240,"column":52}},"51":{"start":{"line":244,"column":8},"end":{"line":244,"column":106}},"52":{"start":{"line":245,"column":8},"end":{"line":245,"column":57}},"53":{"start":{"line":246,"column":8},"end":{"line":246,"column":12273}},"54":{"start":{"line":247,"column":12},"end":{"line":247,"column":41}},"55":{"start":{"line":248,"column":15},"end":{"line":248,"column":12356}},"56":{"start":{"line":249,"column":12},"end":{"line":249,"column":40}},"57":{"start":{"line":250,"column":15},"end":{"line":250,"column":12456}},"58":{"start":{"line":251,"column":12},"end":{"line":251,"column":39}},"59":{"start":{"line":252,"column":15},"end":{"line":252,"column":12553}},"60":{"start":{"line":253,"column":12},"end":{"line":253,"column":41}},"61":{"start":{"line":254,"column":15},"end":{"line":254,"column":12698}},"62":{"start":{"line":255,"column":12},"end":{"line":255,"column":42}},"63":{"start":{"line":256,"column":15},"end":{"line":256,"column":12782}},"64":{"start":{"line":257,"column":12},"end":{"line":257,"column":41}},"65":{"start":{"line":258,"column":15},"end":{"line":258,"column":12865}},"66":{"start":{"line":259,"column":12},"end":{"line":259,"column":40}},"67":{"start":{"line":261,"column":12},"end":{"line":261,"column":39}},"68":{"start":{"line":266,"column":8},"end":{"line":266,"column":57}},"69":{"start":{"line":270,"column":8},"end":{"line":270,"column":125}},"70":{"start":{"line":271,"column":8},"end":{"line":271,"column":88}},"71":{"start":{"line":272,"column":8},"end":{"line":272,"column":93}},"72":{"start":{"line":273,"column":8},"end":{"line":273,"column":54}},"73":{"start":{"line":274,"column":8},"end":{"line":274,"column":90}},"74":{"start":{"line":275,"column":8},"end":{"line":275,"column":56}},"75":{"start":{"line":279,"column":8},"end":{"line":279,"column":103}},"76":{"start":{"line":280,"column":8},"end":{"line":280,"column":57}},"77":{"start":{"line":281,"column":8},"end":{"line":281,"column":58}},"78":{"start":{"line":282,"column":8},"end":{"line":282,"column":90}},"79":{"start":{"line":283,"column":8},"end":{"line":283,"column":70}},"80":{"start":{"line":285,"column":8},"end":{"line":285,"column":14285}},"81":{"start":{"line":286,"column":12},"end":{"line":286,"column":63}},"82":{"start":{"line":288,"column":12},"end":{"line":288,"column":71}},"83":{"start":{"line":291,"column":8},"end":{"line":291,"column":30}},"84":{"start":{"line":292,"column":8},"end":{"line":292,"column":32}},"85":{"start":{"line":293,"column":8},"end":{"line":293,"column":28}},"86":{"start":{"line":295,"column":8},"end":{"line":295,"column":56}},"87":{"start":{"line":299,"column":8},"end":{"line":299,"column":99}},"88":{"start":{"line":300,"column":8},"end":{"line":300,"column":29}},"89":{"start":{"line":304,"column":8},"end":{"line":304,"column":96}},"90":{"start":{"line":305,"column":8},"end":{"line":305,"column":28}},"91":{"start":{"line":309,"column":8},"end":{"line":309,"column":116}},"92":{"start":{"line":310,"column":8},"end":{"line":310,"column":116}},"93":{"start":{"line":314,"column":8},"end":{"line":314,"column":118}},"94":{"start":{"line":315,"column":8},"end":{"line":315,"column":118}},"95":{"start":{"line":319,"column":8},"end":{"line":319,"column":22}},"96":{"start":{"line":320,"column":8},"end":{"line":320,"column":43}},"97":{"start":{"line":321,"column":8},"end":{"line":321,"column":16}},"98":{"start":{"line":325,"column":8},"end":{"line":325,"column":47}},"99":{"start":{"line":326,"column":8},"end":{"line":326,"column":20}},"100":{"start":{"line":330,"column":8},"end":{"line":330,"column":20}},"101":{"start":{"line":332,"column":8},"end":{"line":332,"column":22}}},"branchMap":{"1":{"line":154,"type":"if","locations":[{"start":{"line":154,"column":8},"end":{"line":154,"column":8}},{"start":{"line":154,"column":8},"end":{"line":154,"column":8}}]},"2":{"line":155,"type":"if","locations":[{"start":{"line":155,"column":8},"end":{"line":155,"column":8}},{"start":{"line":155,"column":8},"end":{"line":155,"column":8}}]},"3":{"line":156,"type":"if","locations":[{"start":{"line":156,"column":8},"end":{"line":156,"column":8}},{"start":{"line":156,"column":8},"end":{"line":156,"column":8}}]},"4":{"line":157,"type":"if","locations":[{"start":{"line":157,"column":8},"end":{"line":157,"column":8}},{"start":{"line":157,"column":8},"end":{"line":157,"column":8}}]},"5":{"line":160,"type":"if","locations":[{"start":{"line":160,"column":8},"end":{"line":160,"column":8}},{"start":{"line":160,"column":8},"end":{"line":160,"column":8}}]},"6":{"line":162,"type":"if","locations":[{"start":{"line":162,"column":10},"end":{"line":162,"column":10}},{"start":{"line":162,"column":10},"end":{"line":162,"column":10}}]},"7":{"line":163,"type":"if","locations":[{"start":{"line":163,"column":10},"end":{"line":163,"column":10}},{"start":{"line":163,"column":10},"end":{"line":163,"column":10}}]},"8":{"line":194,"type":"if","locations":[{"start":{"line":194,"column":8},"end":{"line":194,"column":8}},{"start":{"line":194,"column":8},"end":{"line":194,"column":8}}]},"9":{"line":205,"type":"if","locations":[{"start":{"line":205,"column":8},"end":{"line":205,"column":8}},{"start":{"line":205,"column":8},"end":{"line":205,"column":8}}]},"10":{"line":210,"type":"if","locations":[{"start":{"line":210,"column":8},"end":{"line":210,"column":8}},{"start":{"line":210,"column":8},"end":{"line":210,"column":8}}]},"11":{"line":221,"type":"if","locations":[{"start":{"line":221,"column":8},"end":{"line":221,"column":8}},{"start":{"line":221,"column":8},"end":{"line":221,"column":8}}]},"12":{"line":224,"type":"if","locations":[{"start":{"line":224,"column":8},"end":{"line":224,"column":8}},{"start":{"line":224,"column":8},"end":{"line":224,"column":8}}]},"13":{"line":244,"type":"if","locations":[{"start":{"line":244,"column":8},"end":{"line":244,"column":8}},{"start":{"line":244,"column":8},"end":{"line":244,"column":8}}]},"14":{"line":246,"type":"if","locations":[{"start":{"line":246,"column":8},"end":{"line":246,"column":8}},{"start":{"line":246,"column":8},"end":{"line":246,"column":8}}]},"15":{"line":248,"type":"if","locations":[{"start":{"line":248,"column":15},"end":{"line":248,"column":15}},{"start":{"line":248,"column":15},"end":{"line":248,"column":15}}]},"16":{"line":250,"type":"if","locations":[{"start":{"line":250,"column":15},"end":{"line":250,"column":15}},{"start":{"line":250,"column":15},"end":{"line":250,"column":15}}]},"17":{"line":252,"type":"if","locations":[{"start":{"line":252,"column":15},"end":{"line":252,"column":15}},{"start":{"line":252,"column":15},"end":{"line":252,"column":15}}]},"18":{"line":254,"type":"if","locations":[{"start":{"line":254,"column":15},"end":{"line":254,"column":15}},{"start":{"line":254,"column":15},"end":{"line":254,"column":15}}]},"19":{"line":256,"type":"if","locations":[{"start":{"line":256,"column":15},"end":{"line":256,"column":15}},{"start":{"line":256,"column":15},"end":{"line":256,"column":15}}]},"20":{"line":258,"type":"if","locations":[{"start":{"line":258,"column":15},"end":{"line":258,"column":15}},{"start":{"line":258,"column":15},"end":{"line":258,"column":15}}]},"21":{"line":274,"type":"if","locations":[{"start":{"line":274,"column":8},"end":{"line":274,"column":8}},{"start":{"line":274,"column":8},"end":{"line":274,"column":8}}]},"22":{"line":279,"type":"if","locations":[{"start":{"line":279,"column":8},"end":{"line":279,"column":8}},{"start":{"line":279,"column":8},"end":{"line":279,"column":8}}]},"23":{"line":282,"type":"if","locations":[{"start":{"line":282,"column":8},"end":{"line":282,"column":8}},{"start":{"line":282,"column":8},"end":{"line":282,"column":8}}]},"24":{"line":285,"type":"if","locations":[{"start":{"line":285,"column":8},"end":{"line":285,"column":8}},{"start":{"line":285,"column":8},"end":{"line":285,"column":8}}]},"25":{"line":299,"type":"if","locations":[{"start":{"line":299,"column":8},"end":{"line":299,"column":8}},{"start":{"line":299,"column":8},"end":{"line":299,"column":8}}]},"26":{"line":304,"type":"if","locations":[{"start":{"line":304,"column":8},"end":{"line":304,"column":8}},{"start":{"line":304,"column":8},"end":{"line":304,"column":8}}]},"27":{"line":309,"type":"if","locations":[{"start":{"line":309,"column":8},"end":{"line":309,"column":8}},{"start":{"line":309,"column":8},"end":{"line":309,"column":8}}]},"28":{"line":314,"type":"if","locations":[{"start":{"line":314,"column":8},"end":{"line":314,"column":8}},{"start":{"line":314,"column":8},"end":{"line":314,"column":8}}]},"29":{"line":320,"type":"if","locations":[{"start":{"line":320,"column":8},"end":{"line":320,"column":8}},{"start":{"line":320,"column":8},"end":{"line":320,"column":8}}]},"30":{"line":325,"type":"if","locations":[{"start":{"line":325,"column":8},"end":{"line":325,"column":8}},{"start":{"line":325,"column":8},"end":{"line":325,"column":8}}]}}},
"contracts/interfaces/IUnicFactory.sol":{"l":{},"path":"/Users/jaechung/NFT-Bazaar-Backend/contracts/interfaces/IUnicFactory.sol","s":{},"b":{},"f":{},"fnMap":{},"statementMap":{},"branchMap":{}},
"contracts/KittyWrapper.sol":{"l":{"9":0,"13":0,"14":0,"18":0,"19":0,"23":0,"24":0,"25":0,"29":0,"30":0,"34":0,"35":0,"36":0},"path":"/Users/jaechung/NFT-Bazaar-Backend/contracts/KittyWrapper.sol","s":{"1":0,"2":0,"3":0,"4":0,"5":0,"6":0,"7":0,"8":0,"9":0,"10":0,"11":0,"12":0,"13":0},"b":{"1":[0,0],"2":[0,0]},"f":{"1":0,"2":0,"3":0,"4":0,"5":0,"6":0},"fnMap":{"1":{"name":"constructor","line":8,"loc":{"start":{"line":8,"column":4},"end":{"line":10,"column":4}}},"2":{"name":"wrap","line":12,"loc":{"start":{"line":12,"column":4},"end":{"line":15,"column":4}}},"3":{"name":"wrapMany","line":17,"loc":{"start":{"line":17,"column":4},"end":{"line":20,"column":4}}},"4":{"name":"unwrap","line":22,"loc":{"start":{"line":22,"column":4},"end":{"line":26,"column":4}}},"5":{"name":"unwrapMany","line":28,"loc":{"start":{"line":28,"column":4},"end":{"line":31,"column":4}}},"6":{"name":"onERC721Received","line":33,"loc":{"start":{"line":33,"column":4},"end":{"line":37,"column":4}}}},"statementMap":{"1":{"start":{"line":9,"column":8},"end":{"line":9,"column":69}},"2":{"start":{"line":13,"column":8},"end":{"line":13,"column":34}},"3":{"start":{"line":14,"column":8},"end":{"line":14,"column":62}},"4":{"start":{"line":18,"column":8},"end":{"line":18,"column":600}},"5":{"start":{"line":19,"column":12},"end":{"line":19,"column":29}},"6":{"start":{"line":23,"column":8},"end":{"line":23,"column":47}},"7":{"start":{"line":24,"column":8},"end":{"line":24,"column":22}},"8":{"start":{"line":25,"column":8},"end":{"line":25,"column":66}},"9":{"start":{"line":29,"column":8},"end":{"line":29,"column":959}},"10":{"start":{"line":30,"column":12},"end":{"line":30,"column":31}},"11":{"start":{"line":34,"column":8},"end":{"line":34,"column":44}},"12":{"start":{"line":35,"column":8},"end":{"line":35,"column":29}},"13":{"start":{"line":36,"column":8},"end":{"line":36,"column":53}}},"branchMap":{"1":{"line":23,"type":"if","locations":[{"start":{"line":23,"column":8},"end":{"line":23,"column":8}},{"start":{"line":23,"column":8},"end":{"line":23,"column":8}}]},"2":{"line":34,"type":"if","locations":[{"start":{"line":34,"column":8},"end":{"line":34,"column":8}},{"start":{"line":34,"column":8},"end":{"line":34,"column":8}}]}}},
"contracts/LockedLP.sol":{"l":{"41":0,"42":0,"43":0,"47":0,"48":0,"49":0,"50":0,"51":0,"52":0,"53":0,"56":0,"57":0,"62":0,"63":0,"64":0,"65":0,"66":0,"67":0,"68":0,"72":0,"73":0,"74":0,"75":0,"76":0,"77":0,"78":0,"79":0,"81":0,"82":0,"83":0,"88":0,"89":0,"90":0,"91":0,"92":0,"93":0,"94":0,"95":0,"97":0,"101":0,"102":0,"103":0,"104":0,"109":0,"116":3,"117":3},"path":"/Users/jaechung/NFT-Bazaar-Backend/contracts/LockedLP.sol","s":{"1":0,"2":0,"3":0,"4":0,"5":0,"6":0,"7":0,"8":0,"9":0,"10":0,"11":0,"12":0,"13":0,"14":0,"15":0,"16":0,"17":0,"18":0,"19":0,"20":0,"21":0,"22":0,"23":0,"24":0,"25":0,"26":0,"27":0,"28":0,"29":0,"30":0,"31":0,"32":0,"33":0,"34":0,"35":0,"36":0,"37":0,"38":0,"39":0,"40":0,"41":0,"42":0,"43":0,"44":0,"45":3,"46":3},"b":{"1":[0,0],"2":[0,0],"3":[0,0],"4":[0,0],"5":[0,0],"6":[0,0],"7":[0,0],"8":[0,0],"9":[0,0],"10":[0,0],"11":[0,0],"12":[0,0],"13":[0,0],"14":[0,0],"15":[0,0]},"f":{"1":0,"2":0,"3":0,"4":0,"5":0,"6":0,"7":0,"8":3},"fnMap":{"1":{"name":"setPoolCreator","line":40,"loc":{"start":{"line":40,"column":4},"end":{"line":44,"column":4}}},"2":{"name":"lock","line":46,"loc":{"start":{"line":46,"column":4},"end":{"line":59,"column":4}}},"3":{"name":"unlock","line":61,"loc":{"start":{"line":61,"column":4},"end":{"line":69,"column":4}}},"4":{"name":"stake","line":71,"loc":{"start":{"line":71,"column":4},"end":{"line":85,"column":4}}},"5":{"name":"unstake","line":87,"loc":{"start":{"line":87,"column":4},"end":{"line":98,"column":4}}},"6":{"name":"setUnlockDate","line":100,"loc":{"start":{"line":100,"column":4},"end":{"line":105,"column":4}}},"7":{"name":"getBlockTimestamp","line":107,"loc":{"start":{"line":107,"column":4},"end":{"line":110,"column":4}}},"8":{"name":"constructor","line":112,"loc":{"start":{"line":112,"column":4},"end":{"line":118,"column":4}}}},"statementMap":{"1":{"start":{"line":41,"column":8},"end":{"line":41,"column":87}},"2":{"start":{"line":42,"column":8},"end":{"line":42,"column":37}},"3":{"start":{"line":43,"column":8},"end":{"line":43,"column":30}},"4":{"start":{"line":47,"column":8},"end":{"line":47,"column":73}},"5":{"start":{"line":48,"column":8},"end":{"line":48,"column":87}},"6":{"start":{"line":49,"column":8},"end":{"line":49,"column":46}},"7":{"start":{"line":50,"column":8},"end":{"line":50,"column":2052}},"8":{"start":{"line":51,"column":12},"end":{"line":51,"column":95}},"9":{"start":{"line":52,"column":12},"end":{"line":52,"column":73}},"10":{"start":{"line":53,"column":12},"end":{"line":53,"column":49}},"11":{"start":{"line":56,"column":12},"end":{"line":56,"column":73}},"12":{"start":{"line":57,"column":12},"end":{"line":57,"column":58}},"13":{"start":{"line":62,"column":8},"end":{"line":62,"column":73}},"14":{"start":{"line":63,"column":8},"end":{"line":63,"column":46}},"15":{"start":{"line":64,"column":8},"end":{"line":64,"column":103}},"16":{"start":{"line":65,"column":8},"end":{"line":65,"column":61}},"17":{"start":{"line":66,"column":8},"end":{"line":66,"column":44}},"18":{"start":{"line":67,"column":8},"end":{"line":67,"column":22}},"19":{"start":{"line":68,"column":8},"end":{"line":68,"column":57}},"20":{"start":{"line":72,"column":8},"end":{"line":72,"column":64}},"21":{"start":{"line":73,"column":8},"end":{"line":73,"column":39}},"22":{"start":{"line":74,"column":8},"end":{"line":74,"column":72}},"23":{"start":{"line":75,"column":8},"end":{"line":75,"column":63}},"24":{"start":{"line":76,"column":8},"end":{"line":76,"column":46}},"25":{"start":{"line":77,"column":8},"end":{"line":77,"column":73}},"26":{"start":{"line":78,"column":8},"end":{"line":78,"column":3381}},"27":{"start":{"line":79,"column":12},"end":{"line":79,"column":40}},"28":{"start":{"line":81,"column":8},"end":{"line":81,"column":43}},"29":{"start":{"line":82,"column":8},"end":{"line":82,"column":3506}},"30":{"start":{"line":83,"column":12},"end":{"line":83,"column":65}},"31":{"start":{"line":88,"column":8},"end":{"line":88,"column":64}},"32":{"start":{"line":89,"column":8},"end":{"line":89,"column":39}},"33":{"start":{"line":90,"column":8},"end":{"line":90,"column":72}},"34":{"start":{"line":91,"column":8},"end":{"line":91,"column":37}},"35":{"start":{"line":92,"column":8},"end":{"line":92,"column":73}},"36":{"start":{"line":93,"column":8},"end":{"line":93,"column":44}},"37":{"start":{"line":94,"column":8},"end":{"line":94,"column":4007}},"38":{"start":{"line":95,"column":12},"end":{"line":95,"column":65}},"39":{"start":{"line":97,"column":8},"end":{"line":97,"column":23}},"40":{"start":{"line":101,"column":8},"end":{"line":101,"column":73}},"41":{"start":{"line":102,"column":8},"end":{"line":102,"column":46}},"42":{"start":{"line":103,"column":8},"end":{"line":103,"column":108}},"43":{"start":{"line":104,"column":8},"end":{"line":104,"column":36}},"44":{"start":{"line":109,"column":8},"end":{"line":109,"column":30}},"45":{"start":{"line":116,"column":8},"end":{"line":116,"column":19}},"46":{"start":{"line":117,"column":8},"end":{"line":117,"column":19}}},"branchMap":{"1":{"line":41,"type":"if","locations":[{"start":{"line":41,"column":8},"end":{"line":41,"column":8}},{"start":{"line":41,"column":8},"end":{"line":41,"column":8}}]},"2":{"line":47,"type":"if","locations":[{"start":{"line":47,"column":8},"end":{"line":47,"column":8}},{"start":{"line":47,"column":8},"end":{"line":47,"column":8}}]},"3":{"line":48,"type":"if","locations":[{"start":{"line":48,"column":8},"end":{"line":48,"column":8}},{"start":{"line":48,"column":8},"end":{"line":48,"column":8}}]},"4":{"line":50,"type":"if","locations":[{"start":{"line":50,"column":8},"end":{"line":50,"column":8}},{"start":{"line":50,"column":8},"end":{"line":50,"column":8}}]},"5":{"line":51,"type":"if","locations":[{"start":{"line":51,"column":12},"end":{"line":51,"column":12}},{"start":{"line":51,"column":12},"end":{"line":51,"column":12}}]},"6":{"line":62,"type":"if","locations":[{"start":{"line":62,"column":8},"end":{"line":62,"column":8}},{"start":{"line":62,"column":8},"end":{"line":62,"column":8}}]},"7":{"line":64,"type":"if","locations":[{"start":{"line":64,"column":8},"end":{"line":64,"column":8}},{"start":{"line":64,"column":8},"end":{"line":64,"column":8}}]},"8":{"line":65,"type":"if","locations":[{"start":{"line":65,"column":8},"end":{"line":65,"column":8}},{"start":{"line":65,"column":8},"end":{"line":65,"column":8}}]},"9":{"line":74,"type":"if","locations":[{"start":{"line":74,"column":8},"end":{"line":74,"column":8}},{"start":{"line":74,"column":8},"end":{"line":74,"column":8}}]},"10":{"line":78,"type":"if","locations":[{"start":{"line":78,"column":8},"end":{"line":78,"column":8}},{"start":{"line":78,"column":8},"end":{"line":78,"column":8}}]},"11":{"line":82,"type":"if","locations":[{"start":{"line":82,"column":8},"end":{"line":82,"column":8}},{"start":{"line":82,"column":8},"end":{"line":82,"column":8}}]},"12":{"line":90,"type":"if","locations":[{"start":{"line":90,"column":8},"end":{"line":90,"column":8}},{"start":{"line":90,"column":8},"end":{"line":90,"column":8}}]},"13":{"line":94,"type":"if","locations":[{"start":{"line":94,"column":8},"end":{"line":94,"column":8}},{"start":{"line":94,"column":8},"end":{"line":94,"column":8}}]},"14":{"line":101,"type":"if","locations":[{"start":{"line":101,"column":8},"end":{"line":101,"column":8}},{"start":{"line":101,"column":8},"end":{"line":101,"column":8}}]},"15":{"line":103,"type":"if","locations":[{"start":{"line":103,"column":8},"end":{"line":103,"column":8}},{"start":{"line":103,"column":8},"end":{"line":103,"column":8}}]}}},
"contracts/MockERC1155.sol":{"l":{"21":0},"path":"/Users/jaechung/NFT-Bazaar-Backend/contracts/MockERC1155.sol","s":{"1":0},"b":{},"f":{"1":0},"fnMap":{"1":{"name":"mint","line":19,"loc":{"start":{"line":12,"column":4},"end":{"line":22,"column":4}}}},"statementMap":{"1":{"start":{"line":21,"column":8},"end":{"line":21,"column":47}}},"branchMap":{}},
[...]
"contracts/UnicSwap/UnicSwapV2Router02.sol":{"l":{"18":0,"19":0,"23":0,"24":0,"28":0,"41":0,"42":0,"44":0,"45":0,"46":0,"48":0,"49":0,"50":0,"51":0,"53":0,"54":0,"55":0,"56":0,"70":0,"71":0,"72":0,"73":0,"74":0,"84":0,"92":0,"93":0,"94":0,"95":0,"96":0,"98":0,"111":0,"112":0,"113":0,"114":0,"115":0,"116":0,"117":0,"127":0,"136":0,"137":0,"138":0,"150":0,"151":0,"152":0,"153":0,"164":0,"165":0,"166":0,"167":0,"179":0,"188":0,"189":0,"190":0,"201":0,"202":0,"203":0,"204":0,"212":0,"213":0,"214":0,"215":0,"216":0,"217":0,"218":0,"230":0,"231":0,"232":0,"235":0,"244":0,"245":0,"246":0,"249":0,"259":0,"260":0,"261":0,"262":0,"263":0,"264":0,"273":0,"274":0,"275":0,"276":0,"279":0,"280":0,"281":0,"290":0,"291":0,"292":0,"293":0,"296":0,"297":0,"298":0,"308":0,"309":0,"310":0,"311":0,"312":0,"313":0,"315":0,"404":0,"414":0,"424":0,"434":0,"444":0},"path":"/Users/jaechung/NFT-Bazaar-Backend/contracts/UnicSwap/UnicSwapV2Router02.sol","s":{"1":0,"2":0,"3":0,"4":0,"5":0,"6":0,"7":0,"8":0,"9":0,"10":0,"11":0,"12":0,"13":0,"14":0,"15":0,"16":0,"17":0,"18":0,"19":0,"20":0,"21":0,"22":0,"23":0,"24":0,"25":0,"26":0,"27":0,"28":0,"29":0,"30":0,"31":0,"32":0,"33":0,"34":0,"35":0,"36":0,"37":0,"38":0,"39":0,"40":0,"41":0,"42":0,"43":0,"44":0,"45":0,"46":0,"47":0,"48":0,"49":0,"50":0,"51":0,"52":0,"53":0,"54":0,"55":0,"56":0,"57":0,"58":0,"59":0,"60":0,"61":0,"62":0,"63":0,"64":0,"65":0,"66":0,"67":0,"68":0,"69":0,"70":0,"71":0,"72":0,"73":0,"74":0,"75":0,"76":0,"77":0,"78":0,"79":0,"80":0,"81":0,"82":0,"83":0,"84":0,"85":0,"86":0,"87":0,"88":0,"89":0,"90":0,"91":0,"92":0,"93":0,"94":0,"95":0,"96":0,"97":0,"98":0,"99":0,"100":0,"101":0,"102":0,"103":0,"104":0},"b":{"1":[0,0],"2":[0,0],"3":[0,0],"4":[0,0],"5":[0,0],"6":[0,0],"7":[0,0],"8":[0,0],"9":[0,0],"10":[0,0],"11":[0,0],"12":[0,0],"13":[0,0],"14":[0,0],"15":[0,0],"16":[0,0],"17":[0,0],"18":[0,0],"19":[0,0],"20":[0,0]},"f":{"1":0,"2":0,"3":0,"4":0,"5":0,"6":0,"7":0,"8":0,"9":0,"10":0,"11":0,"12":0,"13":0,"14":0,"15":0,"16":0,"17":0,"18":0,"19":0,"20":0,"21":0,"22":0,"23":0},"fnMap":{"1":{"name":"ensure","line":17,"loc":{"start":{"line":17,"column":4},"end":{"line":20,"column":4}}},"2":{"name":"constructor","line":22,"loc":{"start":{"line":22,"column":4},"end":{"line":25,"column":4}}},"3":{"name":"_addLiquidity","line":32,"loc":{"start":{"line":32,"column":4},"end":{"line":59,"column":4}}},"4":{"name":"addLiquidity","line":69,"loc":{"start":{"line":60,"column":4},"end":{"line":75,"column":4}}},"5":{"name":"addLiquidityETH","line":83,"loc":{"start":{"line":76,"column":4},"end":{"line":99,"column":4}}},"6":{"name":"removeLiquidity","line":110,"loc":{"start":{"line":102,"column":4},"end":{"line":118,"column":4}}},"7":{"name":"removeLiquidityETH","line":126,"loc":{"start":{"line":119,"column":4},"end":{"line":139,"column":4}}},"8":{"name":"removeLiquidityWithPermit","line":140,"loc":{"start":{"line":140,"column":4},"end":{"line":154,"column":4}}},"9":{"name":"removeLiquidityETHWithPermit","line":155,"loc":{"start":{"line":155,"column":4},"end":{"line":168,"column":4}}},"10":{"name":"removeLiquidityETHSupportingFeeOnTransferTokens","line":178,"loc":{"start":{"line":171,"column":4},"end":{"line":191,"column":4}}},"11":{"name":"removeLiquidityETHWithPermitSupportingFeeOnTransferTokens","line":192,"loc":{"start":{"line":192,"column":4},"end":{"line":207,"column":4}}},"12":{"name":"_swap","line":211,"loc":{"start":{"line":211,"column":4},"end":{"line":222,"column":4}}},"13":{"name":"swapExactTokensForTokens","line":229,"loc":{"start":{"line":223,"column":4},"end":{"line":236,"column":4}}},"14":{"name":"swapTokensForExactTokens","line":243,"loc":{"start":{"line":237,"column":4},"end":{"line":250,"column":4}}},"15":{"name":"swapExactETHForTokens","line":256,"loc":{"start":{"line":251,"column":4},"end":{"line":265,"column":4}}},"16":{"name":"swapTokensForExactETH","line":270,"loc":{"start":{"line":266,"column":4},"end":{"line":282,"column":4}}},"17":{"name":"swapExactTokensForETH","line":287,"loc":{"start":{"line":283,"column":4},"end":{"line":299,"column":4}}},"18":{"name":"swapETHForExactTokens","line":305,"loc":{"start":{"line":300,"column":4},"end":{"line":316,"column":4}}},"19":{"name":"quote","line":403,"loc":{"start":{"line":403,"column":4},"end":{"line":405,"column":4}}},"20":{"name":"getAmountOut","line":407,"loc":{"start":{"line":407,"column":4},"end":{"line":415,"column":4}}},"21":{"name":"getAmountIn","line":417,"loc":{"start":{"line":417,"column":4},"end":{"line":425,"column":4}}},"22":{"name":"getAmountsOut","line":427,"loc":{"start":{"line":427,"column":4},"end":{"line":435,"column":4}}},"23":{"name":"getAmountsIn","line":437,"loc":{"start":{"line":437,"column":4},"end":{"line":445,"column":4}}}},"statementMap":{"1":{"start":{"line":18,"column":8},"end":{"line":18,"column":72}},"2":{"start":{"line":23,"column":8},"end":{"line":23,"column":25}},"3":{"start":{"line":24,"column":8},"end":{"line":24,"column":19}},"4":{"start":{"line":41,"column":8},"end":{"line":41,"column":1191}},"5":{"start":{"line":42,"column":12},"end":{"line":42,"column":65}},"6":{"start":{"line":44,"column":8},"end":{"line":44,"column":95}},"7":{"start":{"line":45,"column":8},"end":{"line":45,"column":1447}},"8":{"start":{"line":46,"column":12},"end":{"line":46,"column":64}},"9":{"start":{"line":48,"column":12},"end":{"line":48,"column":93}},"10":{"start":{"line":49,"column":12},"end":{"line":49,"column":1680}},"11":{"start":{"line":50,"column":16},"end":{"line":50,"column":95}},"12":{"start":{"line":51,"column":16},"end":{"line":51,"column":68}},"13":{"start":{"line":53,"column":16},"end":{"line":53,"column":97}},"14":{"start":{"line":54,"column":16},"end":{"line":54,"column":55}},"15":{"start":{"line":55,"column":16},"end":{"line":55,"column":95}},"16":{"start":{"line":56,"column":16},"end":{"line":56,"column":68}},"17":{"start":{"line":70,"column":8},"end":{"line":70,"column":113}},"18":{"start":{"line":71,"column":8},"end":{"line":71,"column":73}},"19":{"start":{"line":72,"column":8},"end":{"line":72,"column":73}},"20":{"start":{"line":73,"column":8},"end":{"line":73,"column":73}},"21":{"start":{"line":74,"column":8},"end":{"line":74,"column":49}},"22":{"start":{"line":84,"column":8},"end":{"line":84,"column":3302}},"23":{"start":{"line":92,"column":8},"end":{"line":92,"column":70}},"24":{"start":{"line":93,"column":8},"end":{"line":93,"column":76}},"25":{"start":{"line":94,"column":8},"end":{"line":94,"column":46}},"26":{"start":{"line":95,"column":8},"end":{"line":95,"column":52}},"27":{"start":{"line":96,"column":8},"end":{"line":96,"column":49}},"28":{"start":{"line":98,"column":8},"end":{"line":98,"column":100}},"29":{"start":{"line":98,"column":35},"end":{"line":98,"column":99}},"30":{"start":{"line":111,"column":8},"end":{"line":111,"column":73}},"31":{"start":{"line":112,"column":8},"end":{"line":112,"column":70}},"32":{"start":{"line":113,"column":8},"end":{"line":113,"column":69}},"33":{"start":{"line":114,"column":8},"end":{"line":114,"column":72}},"34":{"start":{"line":115,"column":8},"end":{"line":115,"column":86}},"35":{"start":{"line":116,"column":8},"end":{"line":116,"column":80}},"36":{"start":{"line":117,"column":8},"end":{"line":117,"column":80}},"37":{"start":{"line":127,"column":8},"end":{"line":127,"column":5123}},"38":{"start":{"line":136,"column":8},"end":{"line":136,"column":58}},"39":{"start":{"line":137,"column":8},"end":{"line":137,"column":38}},"40":{"start":{"line":138,"column":8},"end":{"line":138,"column":52}},"41":{"start":{"line":150,"column":8},"end":{"line":150,"column":73}},"42":{"start":{"line":151,"column":8},"end":{"line":151,"column":54}},"43":{"start":{"line":152,"column":8},"end":{"line":152,"column":88}},"44":{"start":{"line":153,"column":8},"end":{"line":153,"column":108}},"45":{"start":{"line":164,"column":8},"end":{"line":164,"column":70}},"46":{"start":{"line":165,"column":8},"end":{"line":165,"column":54}},"47":{"start":{"line":166,"column":8},"end":{"line":166,"column":88}},"48":{"start":{"line":167,"column":8},"end":{"line":167,"column":114}},"49":{"start":{"line":179,"column":8},"end":{"line":179,"column":7196}},"50":{"start":{"line":188,"column":8},"end":{"line":188,"column":85}},"51":{"start":{"line":189,"column":8},"end":{"line":189,"column":38}},"52":{"start":{"line":190,"column":8},"end":{"line":190,"column":52}},"53":{"start":{"line":201,"column":8},"end":{"line":201,"column":70}},"54":{"start":{"line":202,"column":8},"end":{"line":202,"column":54}},"55":{"start":{"line":203,"column":8},"end":{"line":203,"column":88}},"56":{"start":{"line":204,"column":8},"end":{"line":204,"column":8151}},"57":{"start":{"line":212,"column":8},"end":{"line":212,"column":8509}},"58":{"start":{"line":213,"column":12},"end":{"line":213,"column":68}},"59":{"start":{"line":214,"column":12},"end":{"line":214,"column":75}},"60":{"start":{"line":215,"column":12},"end":{"line":215,"column":43}},"61":{"start":{"line":216,"column":12},"end":{"line":216,"column":110}},"62":{"start":{"line":217,"column":12},"end":{"line":217,"column":108}},"63":{"start":{"line":218,"column":12},"end":{"line":218,"column":8980}},"64":{"start":{"line":230,"column":8},"end":{"line":230,"column":73}},"65":{"start":{"line":231,"column":8},"end":{"line":231,"column":107}},"66":{"start":{"line":232,"column":8},"end":{"line":232,"column":9578}},"67":{"start":{"line":235,"column":8},"end":{"line":235,"column":31}},"68":{"start":{"line":244,"column":8},"end":{"line":244,"column":73}},"69":{"start":{"line":245,"column":8},"end":{"line":245,"column":85}},"70":{"start":{"line":246,"column":8},"end":{"line":246,"column":10179}},"71":{"start":{"line":249,"column":8},"end":{"line":249,"column":31}},"72":{"start":{"line":259,"column":8},"end":{"line":259,"column":65}},"73":{"start":{"line":260,"column":8},"end":{"line":260,"column":74}},"74":{"start":{"line":261,"column":8},"end":{"line":261,"column":107}},"75":{"start":{"line":262,"column":8},"end":{"line":262,"column":47}},"76":{"start":{"line":263,"column":8},"end":{"line":263,"column":101}},"77":{"start":{"line":264,"column":8},"end":{"line":264,"column":31}},"78":{"start":{"line":273,"column":8},"end":{"line":273,"column":79}},"79":{"start":{"line":274,"column":8},"end":{"line":274,"column":73}},"80":{"start":{"line":275,"column":8},"end":{"line":275,"column":85}},"81":{"start":{"line":276,"column":8},"end":{"line":276,"column":11549}},"82":{"start":{"line":279,"column":8},"end":{"line":279,"column":42}},"83":{"start":{"line":280,"column":8},"end":{"line":280,"column":56}},"84":{"start":{"line":281,"column":8},"end":{"line":281,"column":70}},"85":{"start":{"line":290,"column":8},"end":{"line":290,"column":79}},"86":{"start":{"line":291,"column":8},"end":{"line":291,"column":73}},"87":{"start":{"line":292,"column":8},"end":{"line":292,"column":107}},"88":{"start":{"line":293,"column":8},"end":{"line":293,"column":12392}},"89":{"start":{"line":296,"column":8},"end":{"line":296,"column":42}},"90":{"start":{"line":297,"column":8},"end":{"line":297,"column":56}},"91":{"start":{"line":298,"column":8},"end":{"line":298,"column":70}},"92":{"start":{"line":308,"column":8},"end":{"line":308,"column":65}},"93":{"start":{"line":309,"column":8},"end":{"line":309,"column":73}},"94":{"start":{"line":310,"column":8},"end":{"line":310,"column":83}},"95":{"start":{"line":311,"column":8},"end":{"line":311,"column":47}},"96":{"start":{"line":312,"column":8},"end":{"line":312,"column":101}},"97":{"start":{"line":313,"column":8},"end":{"line":313,"column":31}},"98":{"start":{"line":315,"column":8},"end":{"line":315,"column":102}},"99":{"start":{"line":315,"column":36},"end":{"line":315,"column":101}},"100":{"start":{"line":404,"column":8},"end":{"line":404,"column":67}},"101":{"start":{"line":414,"column":8},"end":{"line":414,"column":78}},"102":{"start":{"line":424,"column":8},"end":{"line":424,"column":78}},"103":{"start":{"line":434,"column":8},"end":{"line":434,"column":71}},"104":{"start":{"line":444,"column":8},"end":{"line":444,"column":71}}},"branchMap":{"1":{"line":18,"type":"if","locations":[{"start":{"line":18,"column":8},"end":{"line":18,"column":8}},{"start":{"line":18,"column":8},"end":{"line":18,"column":8}}]},"2":{"line":41,"type":"if","locations":[{"start":{"line":41,"column":8},"end":{"line":41,"column":8}},{"start":{"line":41,"column":8},"end":{"line":41,"column":8}}]},"3":{"line":45,"type":"if","locations":[{"start":{"line":45,"column":8},"end":{"line":45,"column":8}},{"start":{"line":45,"column":8},"end":{"line":45,"column":8}}]},"4":{"line":49,"type":"if","locations":[{"start":{"line":49,"column":12},"end":{"line":49,"column":12}},{"start":{"line":49,"column":12},"end":{"line":49,"column":12}}]},"5":{"line":50,"type":"if","locations":[{"start":{"line":50,"column":16},"end":{"line":50,"column":16}},{"start":{"line":50,"column":16},"end":{"line":50,"column":16}}]},"6":{"line":55,"type":"if","locations":[{"start":{"line":55,"column":16},"end":{"line":55,"column":16}},{"start":{"line":55,"column":16},"end":{"line":55,"column":16}}]},"7":{"line":98,"type":"if","locations":[{"start":{"line":98,"column":8},"end":{"line":98,"column":8}},{"start":{"line":98,"column":8},"end":{"line":98,"column":8}}]},"8":{"line":116,"type":"if","locations":[{"start":{"line":116,"column":8},"end":{"line":116,"column":8}},{"start":{"line":116,"column":8},"end":{"line":116,"column":8}}]},"9":{"line":117,"type":"if","locations":[{"start":{"line":117,"column":8},"end":{"line":117,"column":8}},{"start":{"line":117,"column":8},"end":{"line":117,"column":8}}]},"10":{"line":231,"type":"if","locations":[{"start":{"line":231,"column":8},"end":{"line":231,"column":8}},{"start":{"line":231,"column":8},"end":{"line":231,"column":8}}]},"11":{"line":245,"type":"if","locations":[{"start":{"line":245,"column":8},"end":{"line":245,"column":8}},{"start":{"line":245,"column":8},"end":{"line":245,"column":8}}]},"12":{"line":259,"type":"if","locations":[{"start":{"line":259,"column":8},"end":{"line":259,"column":8}},{"start":{"line":259,"column":8},"end":{"line":259,"column":8}}]},"13":{"line":261,"type":"if","locations":[{"start":{"line":261,"column":8},"end":{"line":261,"column":8}},{"start":{"line":261,"column":8},"end":{"line":261,"column":8}}]},"14":{"line":273,"type":"if","locations":[{"start":{"line":273,"column":8},"end":{"line":273,"column":8}},{"start":{"line":273,"column":8},"end":{"line":273,"column":8}}]},"15":{"line":275,"type":"if","locations":[{"start":{"line":275,"column":8},"end":{"line":275,"column":8}},{"start":{"line":275,"column":8},"end":{"line":275,"column":8}}]},"16":{"line":290,"type":"if","locations":[{"start":{"line":290,"column":8},"end":{"line":290,"column":8}},{"start":{"line":290,"column":8},"end":{"line":290,"column":8}}]},"17":{"line":292,"type":"if","locations":[{"start":{"line":292,"column":8},"end":{"line":292,"column":8}},{"start":{"line":292,"column":8},"end":{"line":292,"column":8}}]},"18":{"line":308,"type":"if","locations":[{"start":{"line":308,"column":8},"end":{"line":308,"column":8}},{"start":{"line":308,"column":8},"end":{"line":308,"column":8}}]},"19":{"line":310,"type":"if","locations":[{"start":{"line":310,"column":8},"end":{"line":310,"column":8}},{"start":{"line":310,"column":8},"end":{"line":310,"column":8}}]},"20":{"line":315,"type":"if","locations":[{"start":{"line":315,"column":8},"end":{"line":315,"column":8}},{"start":{"line":315,"column":8},"end":{"line":315,"column":8}}]}}},
"contracts/WETH.sol":{"l":{"36":0,"39":0,"40":0,"43":0,"44":0,"45":0,"46":0,"50":0,"54":0,"55":0,"56":0,"60":0,"67":0,"69":0,"70":0,"71":0,"74":0,"75":0,"77":0,"79":0},"path":"/Users/jaechung/NFT-Bazaar-Backend/contracts/WETH.sol","s":{"1":0,"2":0,"3":0,"4":0,"5":0,"6":0,"7":0,"8":0,"9":0,"10":0,"11":0,"12":0,"13":0,"14":0,"15":0,"16":0,"17":0,"18":0,"19":0},"b":{"1":[0,0],"2":[0,0],"3":[0,0],"4":[0,0]},"f":{"1":0,"2":0,"3":0,"4":0,"5":0,"6":0},"fnMap":{"1":{"name":"deposit","line":38,"loc":{"start":{"line":38,"column":4},"end":{"line":41,"column":4}}},"2":{"name":"withdraw","line":42,"loc":{"start":{"line":42,"column":4},"end":{"line":47,"column":4}}},"3":{"name":"totalSupply","line":49,"loc":{"start":{"line":49,"column":4},"end":{"line":51,"column":4}}},"4":{"name":"approve","line":53,"loc":{"start":{"line":53,"column":4},"end":{"line":57,"column":4}}},"5":{"name":"transfer","line":59,"loc":{"start":{"line":59,"column":4},"end":{"line":61,"column":4}}},"6":{"name":"transferFrom","line":63,"loc":{"start":{"line":63,"column":4},"end":{"line":80,"column":4}}}},"statementMap":{"1":{"start":{"line":39,"column":8},"end":{"line":39,"column":41}},"2":{"start":{"line":40,"column":8},"end":{"line":40,"column":43}},"3":{"start":{"line":43,"column":8},"end":{"line":43,"column":44}},"4":{"start":{"line":44,"column":8},"end":{"line":44,"column":35}},"5":{"start":{"line":45,"column":8},"end":{"line":45,"column":31}},"6":{"start":{"line":46,"column":8},"end":{"line":46,"column":40}},"7":{"start":{"line":50,"column":8},"end":{"line":50,"column":36}},"8":{"start":{"line":54,"column":8},"end":{"line":54,"column":39}},"9":{"start":{"line":55,"column":8},"end":{"line":55,"column":43}},"10":{"start":{"line":56,"column":8},"end":{"line":56,"column":19}},"11":{"start":{"line":60,"column":8},"end":{"line":60,"column":49}},"12":{"start":{"line":67,"column":8},"end":{"line":67,"column":37}},"13":{"start":{"line":69,"column":8},"end":{"line":69,"column":2283}},"14":{"start":{"line":70,"column":12},"end":{"line":70,"column":53}},"15":{"start":{"line":71,"column":12},"end":{"line":71,"column":44}},"16":{"start":{"line":74,"column":8},"end":{"line":74,"column":28}},"17":{"start":{"line":75,"column":8},"end":{"line":75,"column":28}},"18":{"start":{"line":77,"column":8},"end":{"line":77,"column":36}},"19":{"start":{"line":79,"column":8},"end":{"line":79,"column":19}}},"branchMap":{"1":{"line":43,"type":"if","locations":[{"start":{"line":43,"column":8},"end":{"line":43,"column":8}},{"start":{"line":43,"column":8},"end":{"line":43,"column":8}}]},"2":{"line":67,"type":"if","locations":[{"start":{"line":67,"column":8},"end":{"line":67,"column":8}},{"start":{"line":67,"column":8},"end":{"line":67,"column":8}}]},"3":{"line":69,"type":"if","locations":[{"start":{"line":69,"column":8},"end":{"line":69,"column":8}},{"start":{"line":69,"column":8},"end":{"line":69,"column":8}}]},"4":{"line":70,"type":"if","locations":[{"start":{"line":70,"column":12},"end":{"line":70,"column":12}},{"start":{"line":70,"column":12},"end":{"line":70,"column":12}}]}}}}
