TN:
SF:/Users/jaechung/NFT-Bazaar-Backend/contracts/AxieWrapper.sol
FN:34,isContract
FN:61,sendValue
FN:87,functionCall
FN:97,functionCall
FN:112,functionCallWithValue
FN:122,functionCallWithValue
FN:127,_functionCallWithValue
FN:164,_msgSender
FN:168,_msgData
FN:231,_set
FN:252,_remove
FN:289,_contains
FN:296,_length
FN:310,_at
FN:324,_get
FN:331,_get
FN:350,set
FN:359,remove
FN:366,contains
FN:373,length
FN:386,at
FN:398,get
FN:405,get
FN:461,_add
FN:479,_remove
FN:516,_contains
FN:523,_length
FN:537,_at
FN:554,add
FN:564,remove
FN:571,contains
FN:578,length
FN:592,at
FN:609,add
FN:619,remove
FN:626,contains
FN:633,length
FN:647,at
FN:722,add
FN:739,sub
FN:753,sub
FN:770,mul
FN:796,div
FN:812,div
FN:832,mod
FN:848,mod
FN:863,toString
FN:906,constructor
FN:917,supportsInterface
FN:932,_registerInterface
FN:1192,constructor
FN:1205,balanceOf
FN:1214,ownerOf
FN:1221,name
FN:1228,symbol
FN:1235,tokenURI
FN:1257,baseURI
FN:1264,tokenOfOwnerByIndex
FN:1271,totalSupply
FN:1279,tokenByIndex
FN:1287,approve
FN:1301,getApproved
FN:1310,setApprovalForAll
FN:1320,isApprovedForAll
FN:1327,transferFrom
FN:1337,safeTransferFrom
FN:1344,safeTransferFrom
FN:1367,_safeTransfer
FN:1380,_exists
FN:1391,_isApprovedOrOwner
FN:1407,_safeMint
FN:1415,_safeMint
FN:1432,_mint
FN:1455,_burn
FN:1486,_transfer
FN:1510,_setTokenURI
FN:1520,_setBaseURI
FN:1534,_checkOnERC721Received
FN:1551,_approve
FN:1571,_beforeTokenTransfer
FN:1579,constructor
FN:1583,wrap
FN:1588,wrapMany
FN:1593,unwrap
FN:1599,unwrapMany
FN:1604,onERC721Received
FNF:86
FNH:0
FNDA:0,isContract
FNDA:0,sendValue
FNDA:0,functionCall
FNDA:0,functionCall
FNDA:0,functionCallWithValue
FNDA:0,functionCallWithValue
FNDA:0,_functionCallWithValue
FNDA:0,_msgSender
FNDA:0,_msgData
FNDA:0,_set
FNDA:0,_remove
FNDA:0,_contains
FNDA:0,_length
FNDA:0,_at
FNDA:0,_get
FNDA:0,_get
FNDA:0,set
FNDA:0,remove
FNDA:0,contains
FNDA:0,length
FNDA:0,at
FNDA:0,get
FNDA:0,get
FNDA:0,_add
FNDA:0,_remove
FNDA:0,_contains
FNDA:0,_length
FNDA:0,_at
FNDA:0,add
FNDA:0,remove
FNDA:0,contains
FNDA:0,length
FNDA:0,at
FNDA:0,add
FNDA:0,remove
FNDA:0,contains
FNDA:0,length
FNDA:0,at
FNDA:0,add
FNDA:0,sub
FNDA:0,sub
FNDA:0,mul
FNDA:0,div
FNDA:0,div
FNDA:0,mod
FNDA:0,mod
FNDA:0,toString
FNDA:0,constructor
FNDA:0,supportsInterface
FNDA:0,_registerInterface
FNDA:0,constructor
FNDA:0,balanceOf
FNDA:0,ownerOf
FNDA:0,name
FNDA:0,symbol
FNDA:0,tokenURI
FNDA:0,baseURI
FNDA:0,tokenOfOwnerByIndex
FNDA:0,totalSupply
FNDA:0,tokenByIndex
FNDA:0,approve
FNDA:0,getApproved
FNDA:0,setApprovalForAll
FNDA:0,isApprovedForAll
FNDA:0,transferFrom
FNDA:0,safeTransferFrom
FNDA:0,safeTransferFrom
FNDA:0,_safeTransfer
FNDA:0,_exists
FNDA:0,_isApprovedOrOwner
FNDA:0,_safeMint
FNDA:0,_safeMint
FNDA:0,_mint
FNDA:0,_burn
FNDA:0,_transfer
FNDA:0,_setTokenURI
FNDA:0,_setBaseURI
FNDA:0,_checkOnERC721Received
FNDA:0,_approve
FNDA:0,_beforeTokenTransfer
FNDA:0,constructor
FNDA:0,wrap
FNDA:0,wrapMany
FNDA:0,unwrap
FNDA:0,unwrapMany
FNDA:0,onERC721Received
DA:39,0
DA:41,0
DA:42,0
DA:62,0
DA:65,0
DA:66,0
DA:88,0
DA:98,0
DA:113,0
DA:123,0
DA:124,0
DA:128,0
DA:131,0
DA:132,0
DA:133,0
DA:136,0
DA:140,0
DA:145,0
DA:165,0
DA:169,0
DA:170,0
DA:233,0
DA:235,0
DA:236,0
DA:239,0
DA:240,0
DA:242,0
DA:243,0
DA:254,0
DA:256,0
DA:261,0
DA:262,0
DA:267,0
DA:270,0
DA:272,0
DA:275,0
DA:278,0
DA:280,0
DA:282,0
DA:290,0
DA:297,0
DA:311,0
DA:313,0
DA:314,0
DA:325,0
DA:332,0
DA:333,0
DA:334,0
DA:351,0
DA:360,0
DA:367,0
DA:374,0
DA:387,0
DA:388,0
DA:399,0
DA:406,0
DA:462,0
DA:463,0
DA:466,0
DA:467,0
DA:469,0
DA:481,0
DA:483,0
DA:488,0
DA:489,0
DA:494,0
DA:497,0
DA:499,0
DA:502,0
DA:505,0
DA:507,0
DA:509,0
DA:517,0
DA:524,0
DA:538,0
DA:539,0
DA:555,0
DA:565,0
DA:572,0
DA:579,0
DA:593,0
DA:610,0
DA:620,0
DA:627,0
DA:634,0
DA:648,0
DA:723,0
DA:724,0
DA:726,0
DA:740,0
DA:754,0
DA:755,0
DA:757,0
DA:774,0
DA:775,0
DA:778,0
DA:779,0
DA:781,0
DA:797,0
DA:813,0
DA:814,0
DA:817,0
DA:833,0
DA:849,0
DA:850,0
DA:867,0
DA:868,0
DA:870,0
DA:871,0
DA:872,0
DA:873,0
DA:874,0
DA:876,0
DA:877,0
DA:878,0
DA:879,0
DA:880,0
DA:881,0
DA:883,0
DA:909,0
DA:918,0
DA:933,0
DA:934,0
DA:1193,0
DA:1194,0
DA:1197,0
DA:1198,0
DA:1199,0
DA:1206,0
DA:1208,0
DA:1215,0
DA:1222,0
DA:1229,0
DA:1236,0
DA:1238,0
DA:1241,0
DA:1242,0
DA:1245,0
DA:1246,0
DA:1249,0
DA:1258,0
DA:1265,0
DA:1273,0
DA:1280,0
DA:1281,0
DA:1288,0
DA:1289,0
DA:1291,0
DA:1295,0
DA:1302,0
DA:1304,0
DA:1311,0
DA:1313,0
DA:1314,0
DA:1321,0
DA:1329,0
DA:1331,0
DA:1338,0
DA:1345,0
DA:1346,0
DA:1368,0
DA:1369,0
DA:1381,0
DA:1392,0
DA:1393,0
DA:1394,0
DA:1408,0
DA:1416,0
DA:1417,0
DA:1433,0
DA:1434,0
DA:1436,0
DA:1438,0
DA:1440,0
DA:1442,0
DA:1456,0
DA:1458,0
DA:1461,0
DA:1464,0
DA:1465,0
DA:1468,0
DA:1470,0
DA:1472,0
DA:1487,0
DA:1488,0
DA:1490,0
DA:1493,0
DA:1495,0
DA:1496,0
DA:1498,0
DA:1500,0
DA:1511,0
DA:1512,0
DA:1521,0
DA:1537,0
DA:1538,0
DA:1540,0
DA:1547,0
DA:1548,0
DA:1552,0
DA:1553,0
DA:1580,0
DA:1584,0
DA:1585,0
DA:1589,0
DA:1590,0
DA:1594,0
DA:1595,0
DA:1596,0
DA:1600,0
DA:1601,0
DA:1605,0
DA:1606,0
DA:1607,0
LF:214
LH:0
BRDA:62,1,0,0
BRDA:62,1,1,0
BRDA:66,2,0,0
BRDA:66,2,1,0
BRDA:123,3,0,0
BRDA:123,3,1,0
BRDA:128,4,0,0
BRDA:128,4,1,0
BRDA:132,5,0,0
BRDA:132,5,1,0
BRDA:136,6,0,0
BRDA:136,6,1,0
BRDA:235,7,0,0
BRDA:235,7,1,0
BRDA:256,8,0,0
BRDA:256,8,1,0
BRDA:311,9,0,0
BRDA:311,9,1,0
BRDA:333,10,0,0
BRDA:333,10,1,0
BRDA:462,11,0,0
BRDA:462,11,1,0
BRDA:483,12,0,0
BRDA:483,12,1,0
BRDA:538,13,0,0
BRDA:538,13,1,0
BRDA:724,14,0,0
BRDA:724,14,1,0
BRDA:754,15,0,0
BRDA:754,15,1,0
BRDA:774,16,0,0
BRDA:774,16,1,0
BRDA:779,17,0,0
BRDA:779,17,1,0
BRDA:813,18,0,0
BRDA:813,18,1,0
BRDA:849,19,0,0
BRDA:849,19,1,0
BRDA:867,20,0,0
BRDA:867,20,1,0
BRDA:933,21,0,0
BRDA:933,21,1,0
BRDA:1206,22,0,0
BRDA:1206,22,1,0
BRDA:1236,23,0,0
BRDA:1236,23,1,0
BRDA:1241,24,0,0
BRDA:1241,24,1,0
BRDA:1245,25,0,0
BRDA:1245,25,1,0
BRDA:1289,26,0,0
BRDA:1289,26,1,0
BRDA:1291,27,0,0
BRDA:1291,27,1,0
BRDA:1302,28,0,0
BRDA:1302,28,1,0
BRDA:1311,29,0,0
BRDA:1311,29,1,0
BRDA:1329,30,0,0
BRDA:1329,30,1,0
BRDA:1345,31,0,0
BRDA:1345,31,1,0
BRDA:1369,32,0,0
BRDA:1369,32,1,0
BRDA:1392,33,0,0
BRDA:1392,33,1,0
BRDA:1417,34,0,0
BRDA:1417,34,1,0
BRDA:1433,35,0,0
BRDA:1433,35,1,0
BRDA:1434,36,0,0
BRDA:1434,36,1,0
BRDA:1464,37,0,0
BRDA:1464,37,1,0
BRDA:1487,38,0,0
BRDA:1487,38,1,0
BRDA:1488,39,0,0
BRDA:1488,39,1,0
BRDA:1511,40,0,0
BRDA:1511,40,1,0
BRDA:1537,41,0,0
BRDA:1537,41,1,0
BRDA:1594,42,0,0
BRDA:1594,42,1,0
BRDA:1605,43,0,0
BRDA:1605,43,1,0
BRF:86
BRH:0
end_of_record
TN:
SF:/Users/jaechung/NFT-Bazaar-Backend/contracts/Converter.sol
FN:63,constructor
FN:74,deposit
FN:104,issue
FN:123,refund
FN:154,bid
FN:168,unbid
FN:194,claim
FN:216,approveUnlock
FN:225,unapproveUnlock
FN:235,redeemETH
FN:251,getBlockTimestamp
FN:259,onERC1155Received
FN:265,onERC1155BatchReceived
FNF:13
FNH:0
FNDA:0,constructor
FNDA:0,deposit
FNDA:0,issue
FNDA:0,refund
FNDA:0,bid
FNDA:0,unbid
FNDA:0,claim
FNDA:0,approveUnlock
FNDA:0,unapproveUnlock
FNDA:0,redeemETH
FNDA:0,getBlockTimestamp
FNDA:0,onERC1155Received
FNDA:0,onERC1155BatchReceived
DA:65,0
DA:66,0
DA:67,0
DA:68,0
DA:69,0
DA:70,0
DA:75,0
DA:76,0
DA:77,0
DA:79,0
DA:80,0
DA:82,0
DA:83,0
DA:84,0
DA:86,0
DA:91,0
DA:92,0
DA:93,0
DA:95,0
DA:96,0
DA:100,0
DA:105,0
DA:106,0
DA:108,0
DA:109,0
DA:110,0
DA:111,0
DA:113,0
DA:114,0
DA:117,0
DA:119,0
DA:124,0
DA:125,0
DA:128,0
DA:129,0
DA:130,0
DA:132,0
DA:133,0
DA:135,0
DA:136,0
DA:140,0
DA:143,0
DA:145,0
DA:146,0
DA:149,0
DA:151,0
DA:155,0
DA:156,0
DA:157,0
DA:158,0
DA:159,0
DA:161,0
DA:162,0
DA:163,0
DA:165,0
DA:169,0
DA:170,0
DA:171,0
DA:172,0
DA:175,0
DA:176,0
DA:177,0
DA:178,0
DA:179,0
DA:180,0
DA:182,0
DA:185,0
DA:186,0
DA:187,0
DA:188,0
DA:189,0
DA:195,0
DA:196,0
DA:197,0
DA:198,0
DA:200,0
DA:201,0
DA:203,0
DA:204,0
DA:205,0
DA:209,0
DA:212,0
DA:217,0
DA:218,0
DA:220,0
DA:221,0
DA:226,0
DA:227,0
DA:228,0
DA:229,0
DA:231,0
DA:236,0
DA:238,0
DA:239,0
DA:242,0
DA:244,0
DA:247,0
DA:248,0
DA:253,0
DA:260,0
DA:261,0
DA:266,0
DA:267,0
LF:103
LH:0
BRDA:75,1,0,0
BRDA:75,1,1,0
BRDA:76,2,0,0
BRDA:76,2,1,0
BRDA:77,3,0,0
BRDA:77,3,1,0
BRDA:79,4,0,0
BRDA:79,4,1,0
BRDA:83,5,0,0
BRDA:83,5,1,0
BRDA:92,6,0,0
BRDA:92,6,1,0
BRDA:105,7,0,0
BRDA:105,7,1,0
BRDA:106,8,0,0
BRDA:106,8,1,0
BRDA:111,9,0,0
BRDA:111,9,1,0
BRDA:124,10,0,0
BRDA:124,10,1,0
BRDA:125,11,0,0
BRDA:125,11,1,0
BRDA:135,12,0,0
BRDA:135,12,1,0
BRDA:155,13,0,0
BRDA:155,13,1,0
BRDA:157,14,0,0
BRDA:157,14,1,0
BRDA:158,15,0,0
BRDA:158,15,1,0
BRDA:159,16,0,0
BRDA:159,16,1,0
BRDA:171,17,0,0
BRDA:171,17,1,0
BRDA:172,18,0,0
BRDA:172,18,1,0
BRDA:175,19,0,0
BRDA:175,19,1,0
BRDA:176,20,0,0
BRDA:176,20,1,0
BRDA:180,21,0,0
BRDA:180,21,1,0
BRDA:186,22,0,0
BRDA:186,22,1,0
BRDA:189,23,0,0
BRDA:189,23,1,0
BRDA:195,24,0,0
BRDA:195,24,1,0
BRDA:196,25,0,0
BRDA:196,25,1,0
BRDA:198,26,0,0
BRDA:198,26,1,0
BRDA:203,27,0,0
BRDA:203,27,1,0
BRDA:217,28,0,0
BRDA:217,28,1,0
BRDA:226,29,0,0
BRDA:226,29,1,0
BRDA:227,30,0,0
BRDA:227,30,1,0
BRDA:236,31,0,0
BRDA:236,31,1,0
BRDA:238,32,0,0
BRDA:238,32,1,0
BRDA:248,33,0,0
BRDA:248,33,1,0
BRDA:260,34,0,0
BRDA:260,34,1,0
BRDA:266,35,0,0
BRDA:266,35,1,0
BRF:70
BRH:0
end_of_record
TN:
SF:/Users/jaechung/NFT-Bazaar-Backend/contracts/GovernorAlpha.sol
FN:24,quorumVotes
FN:28,proposalThreshold
FN:31,proposalMaxOperations
FN:34,votingDelay
FN:37,votingPeriod
FN:147,constructor
FN:153,propose
FN:193,queue
FN:204,_queueOrRevert
FN:209,execute
FN:219,cancel
FN:234,getActions
FN:239,getReceipt
FN:243,state
FN:265,castVote
FN:269,castVoteBySig
FN:278,_castVote
FN:298,__acceptAdmin
FN:303,__abdicate
FN:308,__queueSetTimelockPendingAdmin
FN:313,__executeSetTimelockPendingAdmin
FN:318,add256
FN:324,sub256
FN:329,getChainId
FNF:24
FNH:0
FNDA:0,quorumVotes
FNDA:0,proposalThreshold
FNDA:0,proposalMaxOperations
FNDA:0,votingDelay
FNDA:0,votingPeriod
FNDA:0,constructor
FNDA:0,propose
FNDA:0,queue
FNDA:0,_queueOrRevert
FNDA:0,execute
FNDA:0,cancel
FNDA:0,getActions
FNDA:0,getReceipt
FNDA:0,state
FNDA:0,castVote
FNDA:0,castVoteBySig
FNDA:0,_castVote
FNDA:0,__acceptAdmin
FNDA:0,__abdicate
FNDA:0,__queueSetTimelockPendingAdmin
FNDA:0,__executeSetTimelockPendingAdmin
FNDA:0,add256
FNDA:0,sub256
FNDA:0,getChainId
DA:148,0
DA:149,0
DA:150,0
DA:154,0
DA:155,0
DA:156,0
DA:157,0
DA:159,0
DA:160,0
DA:161,0
DA:162,0
DA:163,0
DA:166,0
DA:167,0
DA:169,0
DA:170,0
DA:186,0
DA:187,0
DA:189,0
DA:190,0
DA:194,0
DA:195,0
DA:196,0
DA:197,0
DA:198,0
DA:200,0
DA:201,0
DA:205,0
DA:206,0
DA:210,0
DA:211,0
DA:212,0
DA:213,0
DA:214,0
DA:216,0
DA:220,0
DA:221,0
DA:223,0
DA:224,0
DA:226,0
DA:227,0
DA:228,0
DA:231,0
DA:235,0
DA:236,0
DA:240,0
DA:244,0
DA:245,0
DA:246,0
DA:247,0
DA:249,0
DA:251,0
DA:253,0
DA:255,0
DA:257,0
DA:259,0
DA:261,0
DA:266,0
DA:270,0
DA:271,0
DA:272,0
DA:273,0
DA:274,0
DA:275,0
DA:279,0
DA:280,0
DA:281,0
DA:282,0
DA:283,0
DA:285,0
DA:286,0
DA:288,0
DA:291,0
DA:292,0
DA:293,0
DA:295,0
DA:299,0
DA:300,0
DA:304,0
DA:305,0
DA:309,0
DA:310,0
DA:314,0
DA:315,0
DA:319,0
DA:320,0
DA:321,0
DA:325,0
DA:326,0
DA:330,0
DA:331,0
DA:332,0
LF:92
LH:0
BRDA:154,1,0,0
BRDA:154,1,1,0
BRDA:155,2,0,0
BRDA:155,2,1,0
BRDA:156,3,0,0
BRDA:156,3,1,0
BRDA:157,4,0,0
BRDA:157,4,1,0
BRDA:160,5,0,0
BRDA:160,5,1,0
BRDA:162,6,0,0
BRDA:162,6,1,0
BRDA:163,7,0,0
BRDA:163,7,1,0
BRDA:194,8,0,0
BRDA:194,8,1,0
BRDA:205,9,0,0
BRDA:205,9,1,0
BRDA:210,10,0,0
BRDA:210,10,1,0
BRDA:221,11,0,0
BRDA:221,11,1,0
BRDA:224,12,0,0
BRDA:224,12,1,0
BRDA:244,13,0,0
BRDA:244,13,1,0
BRDA:246,14,0,0
BRDA:246,14,1,0
BRDA:248,15,0,0
BRDA:248,15,1,0
BRDA:250,16,0,0
BRDA:250,16,1,0
BRDA:252,17,0,0
BRDA:252,17,1,0
BRDA:254,18,0,0
BRDA:254,18,1,0
BRDA:256,19,0,0
BRDA:256,19,1,0
BRDA:258,20,0,0
BRDA:258,20,1,0
BRDA:274,21,0,0
BRDA:274,21,1,0
BRDA:279,22,0,0
BRDA:279,22,1,0
BRDA:282,23,0,0
BRDA:282,23,1,0
BRDA:285,24,0,0
BRDA:285,24,1,0
BRDA:299,25,0,0
BRDA:299,25,1,0
BRDA:304,26,0,0
BRDA:304,26,1,0
BRDA:309,27,0,0
BRDA:309,27,1,0
BRDA:314,28,0,0
BRDA:314,28,1,0
BRDA:320,29,0,0
BRDA:320,29,1,0
BRDA:325,30,0,0
BRDA:325,30,1,0
BRF:60
BRH:0
end_of_record
TN:
SF:/Users/jaechung/NFT-Bazaar-Backend/contracts/interfaces/IUnicFactory.sol
FNF:0
FNH:0
LF:0
LH:0
BRF:0
BRH:0
end_of_record
TN:
SF:/Users/jaechung/NFT-Bazaar-Backend/contracts/KittyWrapper.sol
FN:8,constructor
FN:12,wrap
FN:17,wrapMany
FN:22,unwrap
FN:28,unwrapMany
FN:33,onERC721Received
FNF:6
FNH:0
FNDA:0,constructor
FNDA:0,wrap
FNDA:0,wrapMany
FNDA:0,unwrap
FNDA:0,unwrapMany
FNDA:0,onERC721Received
DA:9,0
DA:13,0
DA:14,0
DA:18,0
DA:19,0
DA:23,0
DA:24,0
DA:25,0
DA:29,0
DA:30,0
DA:34,0
DA:35,0
DA:36,0
LF:13
LH:0
BRDA:23,1,0,0
BRDA:23,1,1,0
BRDA:34,2,0,0
BRDA:34,2,1,0
BRF:4
BRH:0
end_of_record
TN:
SF:/Users/jaechung/NFT-Bazaar-Backend/contracts/LockedLP.sol
FN:40,setPoolCreator
FN:46,lock
FN:61,unlock
FN:71,stake
FN:87,unstake
FN:100,setUnlockDate
FN:107,getBlockTimestamp
FN:112,constructor
FNF:8
FNH:1
FNDA:0,setPoolCreator
FNDA:0,lock
FNDA:0,unlock
FNDA:0,stake
FNDA:0,unstake
FNDA:0,setUnlockDate
FNDA:0,getBlockTimestamp
FNDA:3,constructor
DA:41,0
DA:42,0
DA:43,0
DA:47,0
DA:48,0
DA:49,0
DA:50,0
DA:51,0
DA:52,0
DA:53,0
DA:56,0
DA:57,0
DA:62,0
DA:63,0
DA:64,0
DA:65,0
DA:66,0
DA:67,0
DA:68,0
DA:72,0
DA:73,0
DA:74,0
DA:75,0
DA:76,0
DA:77,0
DA:78,0
DA:79,0
DA:81,0
DA:82,0
DA:83,0
DA:88,0
DA:89,0
DA:90,0
DA:91,0
DA:92,0
DA:93,0
DA:94,0
DA:95,0
DA:97,0
DA:101,0
DA:102,0
DA:103,0
DA:104,0
DA:109,0
DA:116,3
DA:117,3
LF:46
LH:2
BRDA:41,1,0,0
BRDA:41,1,1,0
BRDA:47,2,0,0
BRDA:47,2,1,0
BRDA:48,3,0,0
BRDA:48,3,1,0
BRDA:50,4,0,0
BRDA:50,4,1,0
BRDA:51,5,0,0
BRDA:51,5,1,0
BRDA:62,6,0,0
BRDA:62,6,1,0
BRDA:64,7,0,0
BRDA:64,7,1,0
BRDA:65,8,0,0
BRDA:65,8,1,0
BRDA:74,9,0,0
BRDA:74,9,1,0
BRDA:78,10,0,0
BRDA:78,10,1,0
BRDA:82,11,0,0
BRDA:82,11,1,0
BRDA:90,12,0,0
BRDA:90,12,1,0
BRDA:94,13,0,0
BRDA:94,13,1,0
BRDA:101,14,0,0
BRDA:101,14,1,0
BRDA:103,15,0,0
BRDA:103,15,1,0
BRF:30
BRH:0
end_of_record
TN:
SF:/Users/jaechung/NFT-Bazaar-Backend/contracts/MockERC1155.sol
FN:19,mint
FNF:1
FNH:0
FNDA:0,mint
DA:21,0
LF:1
LH:0
BRF:0
BRH:0
end_of_record
TN:
SF:/Users/jaechung/NFT-Bazaar-Backend/contracts/MockERC20.sol
FN:12,constructor
FNF:1
FNH:0
FNDA:0,constructor
DA:13,0
LF:1
LH:0
BRF:0
BRH:0
end_of_record
TN:
SF:/Users/jaechung/NFT-Bazaar-Backend/contracts/MockERC721.sol
FN:10,constructor
FN:22,mint
FNF:2
FNH:0
FNDA:0,constructor
FNDA:0,mint
DA:24,0
LF:1
LH:0
BRF:0
BRH:0
end_of_record
TN:
SF:/Users/jaechung/NFT-Bazaar-Backend/contracts/ProxyToken.sol
FN:14,swapIn
FN:19,swapOut
FN:24,constructor
FNF:3
FNH:0
FNDA:0,swapIn
FNDA:0,swapOut
FNDA:0,constructor
DA:15,0
DA:16,0
DA:20,0
DA:21,0
DA:27,0
LF:5
LH:0
BRF:0
BRH:0
end_of_record
TN:
SF:/Users/jaechung/NFT-Bazaar-Backend/contracts/Timelock.sol
FN:36,constructor
FN:47,setDelay
FN:56,acceptAdmin
FN:64,setPendingAdmin
FN:77,queueTransaction
FN:88,cancelTransaction
FN:97,executeTransaction
FN:124,getBlockTimestamp
FNF:8
FNH:0
FNDA:0,constructor
FNDA:0,setDelay
FNDA:0,acceptAdmin
FNDA:0,setPendingAdmin
FNDA:0,queueTransaction
FNDA:0,cancelTransaction
FNDA:0,executeTransaction
FNDA:0,getBlockTimestamp
DA:37,0
DA:38,0
DA:40,0
DA:41,0
DA:42,0
DA:48,0
DA:49,0
DA:50,0
DA:51,0
DA:53,0
DA:57,0
DA:58,0
DA:59,0
DA:61,0
DA:66,0
DA:67,0
DA:69,0
DA:70,0
DA:72,0
DA:74,0
DA:78,0
DA:79,0
DA:81,0
DA:82,0
DA:84,0
DA:85,0
DA:89,0
DA:91,0
DA:92,0
DA:94,0
DA:98,0
DA:100,0
DA:101,0
DA:102,0
DA:103,0
DA:105,0
DA:107,0
DA:109,0
DA:110,0
DA:112,0
DA:116,0
DA:117,0
DA:119,0
DA:121,0
DA:126,0
LF:45
LH:0
BRDA:37,1,0,0
BRDA:37,1,1,0
BRDA:38,2,0,0
BRDA:38,2,1,0
BRDA:48,3,0,0
BRDA:48,3,1,0
BRDA:49,4,0,0
BRDA:49,4,1,0
BRDA:50,5,0,0
BRDA:50,5,1,0
BRDA:57,6,0,0
BRDA:57,6,1,0
BRDA:66,7,0,0
BRDA:66,7,1,0
BRDA:67,8,0,0
BRDA:67,8,1,0
BRDA:69,9,0,0
BRDA:69,9,1,0
BRDA:78,10,0,0
BRDA:78,10,1,0
BRDA:79,11,0,0
BRDA:79,11,1,0
BRDA:89,12,0,0
BRDA:89,12,1,0
BRDA:98,13,0,0
BRDA:98,13,1,0
BRDA:101,14,0,0
BRDA:101,14,1,0
BRDA:102,15,0,0
BRDA:102,15,1,0
BRDA:103,16,0,0
BRDA:103,16,1,0
BRDA:109,17,0,0
BRDA:109,17,1,0
BRDA:117,18,0,0
BRDA:117,18,1,0
BRF:36
BRH:0
end_of_record
TN:
SF:/Users/jaechung/NFT-Bazaar-Backend/contracts/Unic.sol
FN:13,constructor
FN:21,mint
FN:67,delegates
FN:79,delegate
FN:92,delegateBySig
FN:140,getCurrentVotes
FN:156,getPriorVotes
FN:194,_delegate
FN:206,_moveDelegates
FN:226,_writeCheckpoint
FN:246,safe32
FN:251,getChainId
FN:260,_beforeTokenTransfer
FNF:13
FNH:0
FNDA:0,constructor
FNDA:0,mint
FNDA:0,delegates
FNDA:0,delegate
FNDA:0,delegateBySig
FNDA:0,getCurrentVotes
FNDA:0,getPriorVotes
FNDA:0,_delegate
FNDA:0,_moveDelegates
FNDA:0,_writeCheckpoint
FNDA:0,safe32
FNDA:0,getChainId
FNDA:0,_beforeTokenTransfer
DA:16,0
DA:17,0
DA:22,0
DA:23,0
DA:24,0
DA:72,0
DA:80,0
DA:102,0
DA:111,0
DA:120,0
DA:128,0
DA:129,0
DA:130,0
DA:131,0
DA:132,0
DA:145,0
DA:146,0
DA:161,0
DA:163,0
DA:164,0
DA:165,0
DA:169,0
DA:170,0
DA:174,0
DA:175,0
DA:178,0
DA:179,0
DA:180,0
DA:181,0
DA:182,0
DA:183,0
DA:184,0
DA:186,0
DA:188,0
DA:191,0
DA:197,0
DA:198,0
DA:199,0
DA:201,0
DA:203,0
DA:207,0
DA:208,0
DA:210,0
DA:211,0
DA:212,0
DA:213,0
DA:216,0
DA:218,0
DA:219,0
DA:220,0
DA:221,0
DA:234,0
DA:236,0
DA:237,0
DA:239,0
DA:240,0
DA:243,0
DA:247,0
DA:248,0
DA:252,0
DA:253,0
DA:254,0
DA:261,0
LF:63
LH:0
BRDA:129,1,0,0
BRDA:129,1,1,0
BRDA:130,2,0,0
BRDA:130,2,1,0
BRDA:131,3,0,0
BRDA:131,3,1,0
BRDA:161,4,0,0
BRDA:161,4,1,0
BRDA:164,5,0,0
BRDA:164,5,1,0
BRDA:169,6,0,0
BRDA:169,6,1,0
BRDA:174,7,0,0
BRDA:174,7,1,0
BRDA:183,8,0,0
BRDA:183,8,1,0
BRDA:185,9,0,0
BRDA:185,9,1,0
BRDA:207,10,0,0
BRDA:207,10,1,0
BRDA:208,11,0,0
BRDA:208,11,1,0
BRDA:216,12,0,0
BRDA:216,12,1,0
BRDA:236,13,0,0
BRDA:236,13,1,0
BRDA:247,14,0,0
BRDA:247,14,1,0
BRF:28
BRH:0
end_of_record
TN:
SF:/Users/jaechung/NFT-Bazaar-Backend/contracts/UnicFactory.sol
FN:23,uTokensLength
FN:28,constructor
FN:32,createUToken
FN:51,setFeeTo
FN:56,setFeeToSetter
FNF:5
FNH:0
FNDA:0,uTokensLength
FNDA:0,constructor
FNDA:0,createUToken
FNDA:0,setFeeTo
FNDA:0,setFeeToSetter
DA:24,0
DA:29,0
DA:33,0
DA:34,0
DA:35,0
DA:36,0
DA:37,0
DA:38,0
DA:40,0
DA:41,0
DA:43,0
DA:45,0
DA:46,0
DA:48,0
DA:52,0
DA:53,0
DA:57,0
DA:58,0
LF:18
LH:0
BRDA:33,1,0,0
BRDA:33,1,1,0
BRDA:34,2,0,0
BRDA:34,2,1,0
BRDA:35,3,0,0
BRDA:35,3,1,0
BRDA:36,4,0,0
BRDA:36,4,1,0
BRDA:37,5,0,0
BRDA:37,5,1,0
BRDA:38,6,0,0
BRDA:38,6,1,0
BRDA:52,7,0,0
BRDA:52,7,1,0
BRDA:57,8,0,0
BRDA:57,8,1,0
BRF:16
BRH:0
end_of_record
TN:
SF:/Users/jaechung/NFT-Bazaar-Backend/contracts/UnicFarm.sol
FN:84,constructor
FN:102,poolLength
FN:108,add
FN:129,set
FN:143,getRewards
FN:162,pendingUnic
FN:175,massUpdatePools
FN:185,updatePool
FN:217,deposit
FN:236,withdraw
FN:254,emergencyWithdraw
FN:265,safeUnicTransfer
FN:275,dev
FN:283,setMintRules
FN:292,setStartBlock
FNF:15
FNH:0
FNDA:0,constructor
FNDA:0,poolLength
FNDA:0,add
FNDA:0,set
FNDA:0,getRewards
FNDA:0,pendingUnic
FNDA:0,massUpdatePools
FNDA:0,updatePool
FNDA:0,deposit
FNDA:0,withdraw
FNDA:0,emergencyWithdraw
FNDA:0,safeUnicTransfer
FNDA:0,dev
FNDA:0,setMintRules
FNDA:0,setStartBlock
DA:93,0
DA:94,0
DA:95,0
DA:96,0
DA:97,0
DA:98,0
DA:99,0
DA:103,0
DA:109,0
DA:110,0
DA:111,0
DA:113,0
DA:114,0
DA:115,0
DA:123,0
DA:125,0
DA:130,0
DA:131,0
DA:133,0
DA:134,0
DA:136,0
DA:145,0
DA:147,0
DA:148,0
DA:151,0
DA:152,0
DA:155,0
DA:163,0
DA:164,0
DA:165,0
DA:166,0
DA:167,0
DA:168,0
DA:169,0
DA:171,0
DA:176,0
DA:177,0
DA:178,0
DA:181,0
DA:186,0
DA:187,0
DA:188,0
DA:189,0
DA:190,0
DA:191,0
DA:194,0
DA:195,0
DA:197,0
DA:198,0
DA:199,0
DA:200,0
DA:203,0
DA:204,0
DA:205,0
DA:207,0
DA:208,0
DA:209,0
DA:210,0
DA:211,0
DA:213,0
DA:218,0
DA:219,0
DA:220,0
DA:221,0
DA:222,0
DA:223,0
DA:224,0
DA:227,0
DA:228,0
DA:229,0
DA:231,0
DA:232,0
DA:237,0
DA:238,0
DA:239,0
DA:240,0
DA:241,0
DA:242,0
DA:243,0
DA:245,0
DA:246,0
DA:247,0
DA:249,0
DA:250,0
DA:255,0
DA:256,0
DA:257,0
DA:258,0
DA:259,0
DA:260,0
DA:261,0
DA:266,0
DA:267,0
DA:268,0
DA:270,0
DA:276,0
DA:277,0
DA:279,0
DA:284,0
DA:285,0
DA:286,0
DA:287,0
DA:288,0
DA:289,0
DA:293,0
DA:294,0
DA:295,0
LF:107
LH:0
BRDA:109,1,0,0
BRDA:109,1,1,0
BRDA:110,2,0,0
BRDA:110,2,1,0
BRDA:130,3,0,0
BRDA:130,3,1,0
BRDA:147,4,0,0
BRDA:147,4,1,0
BRDA:151,5,0,0
BRDA:151,5,1,0
BRDA:167,6,0,0
BRDA:167,6,1,0
BRDA:187,7,0,0
BRDA:187,7,1,0
BRDA:188,8,0,0
BRDA:188,8,1,0
BRDA:194,9,0,0
BRDA:194,9,1,0
BRDA:198,10,0,0
BRDA:198,10,1,0
BRDA:203,11,0,0
BRDA:203,11,1,0
BRDA:221,12,0,0
BRDA:221,12,1,0
BRDA:223,13,0,0
BRDA:223,13,1,0
BRDA:227,14,0,0
BRDA:227,14,1,0
BRDA:239,15,0,0
BRDA:239,15,1,0
BRDA:242,16,0,0
BRDA:242,16,1,0
BRDA:245,17,0,0
BRDA:245,17,1,0
BRDA:267,18,0,0
BRDA:267,18,1,0
BRDA:276,19,0,0
BRDA:276,19,1,0
BRDA:284,20,0,0
BRDA:284,20,1,0
BRDA:285,21,0,0
BRDA:285,21,1,0
BRDA:293,22,0,0
BRDA:293,22,1,0
BRDA:294,23,0,0
BRDA:294,23,1,0
BRF:46
BRH:0
end_of_record
TN:
SF:/Users/jaechung/NFT-Bazaar-Backend/contracts/UnicGallery.sol
FN:18,constructor
FN:24,enter
FN:44,leave
FNF:3
FNH:0
FNDA:0,constructor
FNDA:0,enter
FNDA:0,leave
DA:19,0
DA:26,0
DA:28,0
DA:30,0
DA:31,0
DA:35,0
DA:36,0
DA:39,0
DA:46,0
DA:48,0
DA:49,0
DA:50,0
LF:12
LH:0
BRDA:30,1,0,0
BRDA:30,1,1,0
BRF:2
BRH:0
end_of_record
TN:
SF:/Users/jaechung/NFT-Bazaar-Backend/contracts/UnicPumper.sol
FN:22,constructor
FN:29,convert
FN:42,_toWETH
FN:72,_toSUSHI
FN:89,_safeTransfer
FNF:5
FNH:0
FNDA:0,constructor
FNDA:0,convert
FNDA:0,_toWETH
FNDA:0,_toSUSHI
FNDA:0,_safeTransfer
DA:23,0
DA:24,0
DA:25,0
DA:26,0
DA:31,0
DA:32,0
DA:33,0
DA:34,0
DA:36,0
DA:38,0
DA:44,0
DA:45,0
DA:46,0
DA:49,0
DA:50,0
DA:51,0
DA:54,0
DA:55,0
DA:56,0
DA:59,0
DA:60,0
DA:61,0
DA:63,0
DA:64,0
DA:65,0
DA:66,0
DA:67,0
DA:68,0
DA:73,0
DA:75,0
DA:76,0
DA:77,0
DA:79,0
DA:80,0
DA:81,0
DA:82,0
DA:83,0
DA:85,0
DA:90,0
LF:39
LH:0
BRDA:31,1,0,0
BRDA:31,1,1,0
BRDA:44,2,0,0
BRDA:44,2,1,0
BRDA:49,3,0,0
BRDA:49,3,1,0
BRDA:55,4,0,0
BRDA:55,4,1,0
BRF:8
BRH:0
end_of_record
TN:
SF:/Users/jaechung/NFT-Bazaar-Backend/contracts/UnicSwap/interfaces/IERC20.sol
FNF:0
FNH:0
LF:0
LH:0
BRF:0
BRH:0
end_of_record
TN:
SF:/Users/jaechung/NFT-Bazaar-Backend/contracts/UnicSwap/interfaces/IUnicSwapV2Callee.sol
FNF:0
FNH:0
LF:0
LH:0
BRF:0
BRH:0
end_of_record
TN:
SF:/Users/jaechung/NFT-Bazaar-Backend/contracts/UnicSwap/interfaces/IUnicSwapV2Factory.sol
FNF:0
FNH:0
LF:0
LH:0
BRF:0
BRH:0
end_of_record
TN:
SF:/Users/jaechung/NFT-Bazaar-Backend/contracts/UnicSwap/interfaces/IUnicSwapV2Migrator.sol
FNF:0
FNH:0
LF:0
LH:0
BRF:0
BRH:0
end_of_record
TN:
SF:/Users/jaechung/NFT-Bazaar-Backend/contracts/UnicSwap/interfaces/IUnicSwapV2Pair.sol
FNF:0
FNH:0
LF:0
LH:0
BRF:0
BRH:0
end_of_record
TN:
SF:/Users/jaechung/NFT-Bazaar-Backend/contracts/UnicSwap/interfaces/IUnicSwapV2Router01.sol
FNF:0
FNH:0
LF:0
LH:0
BRF:0
BRH:0
end_of_record
TN:
SF:/Users/jaechung/NFT-Bazaar-Backend/contracts/UnicSwap/interfaces/IUnicSwapV2Router02.sol
FNF:0
FNH:0
LF:0
LH:0
BRF:0
BRH:0
end_of_record
TN:
SF:/Users/jaechung/NFT-Bazaar-Backend/contracts/UnicSwap/interfaces/IWETH.sol
FNF:0
FNH:0
LF:0
LH:0
BRF:0
BRH:0
end_of_record
TN:
SF:/Users/jaechung/NFT-Bazaar-Backend/contracts/UnicSwap/libraries/Babylonian.sol
FN:10,sqrt
FNF:1
FNH:0
FNDA:0,sqrt
DA:11,0
DA:14,0
DA:15,0
DA:16,0
DA:17,0
DA:18,0
DA:20,0
DA:21,0
DA:22,0
DA:24,0
DA:25,0
DA:26,0
DA:28,0
DA:29,0
DA:30,0
DA:32,0
DA:33,0
DA:34,0
DA:36,0
DA:37,0
DA:38,0
DA:40,0
DA:41,0
DA:43,0
DA:44,0
DA:45,0
DA:46,0
DA:47,0
DA:48,0
DA:49,0
DA:50,0
DA:51,0
LF:32
LH:0
BRDA:11,1,0,0
BRDA:11,1,1,0
BRDA:16,2,0,0
BRDA:16,2,1,0
BRDA:20,3,0,0
BRDA:20,3,1,0
BRDA:24,4,0,0
BRDA:24,4,1,0
BRDA:28,5,0,0
BRDA:28,5,1,0
BRDA:32,6,0,0
BRDA:32,6,1,0
BRDA:36,7,0,0
BRDA:36,7,1,0
BRDA:40,8,0,0
BRDA:40,8,1,0
BRF:16
BRH:0
end_of_record
TN:
SF:/Users/jaechung/NFT-Bazaar-Backend/contracts/UnicSwap/libraries/Math.sol
FN:6,min
FN:11,sqrt
FNF:2
FNH:0
FNDA:0,min
FNDA:0,sqrt
DA:7,0
DA:12,0
DA:13,0
DA:14,0
DA:15,0
DA:16,0
DA:17,0
DA:20,0
LF:8
LH:0
BRDA:12,1,0,0
BRDA:12,1,1,0
BRDA:19,2,0,0
BRDA:19,2,1,0
BRF:4
BRH:0
end_of_record
TN:
SF:/Users/jaechung/NFT-Bazaar-Backend/contracts/UnicSwap/libraries/TransferHelper.sol
FN:7,safeApprove
FN:13,safeTransfer
FN:19,safeTransferFrom
FN:25,safeTransferETH
FNF:4
FNH:0
FNDA:0,safeApprove
FNDA:0,safeTransfer
FNDA:0,safeTransferFrom
FNDA:0,safeTransferETH
DA:9,0
DA:10,0
DA:15,0
DA:16,0
DA:21,0
DA:22,0
DA:26,0
DA:27,0
LF:8
LH:0
BRDA:10,1,0,0
BRDA:10,1,1,0
BRDA:16,2,0,0
BRDA:16,2,1,0
BRDA:22,3,0,0
BRDA:22,3,1,0
BRDA:27,4,0,0
BRDA:27,4,1,0
BRF:8
BRH:0
end_of_record
TN:
SF:/Users/jaechung/NFT-Bazaar-Backend/contracts/UnicSwap/libraries/UnicSwapV2Library.sol
FN:11,sortTokens
FN:18,pairFor
FN:29,getReserves
FN:36,quote
FN:43,getAmountOut
FN:53,getAmountIn
FN:62,getAmountsOut
FN:73,getAmountsIn
FNF:8
FNH:0
FNDA:0,sortTokens
FNDA:0,pairFor
FNDA:0,getReserves
FNDA:0,quote
FNDA:0,getAmountOut
FNDA:0,getAmountIn
FNDA:0,getAmountsOut
FNDA:0,getAmountsIn
DA:12,0
DA:13,0
DA:14,0
DA:19,0
DA:20,0
DA:30,0
DA:31,0
DA:32,0
DA:37,0
DA:38,0
DA:39,0
DA:44,0
DA:45,0
DA:46,0
DA:47,0
DA:48,0
DA:49,0
DA:54,0
DA:55,0
DA:56,0
DA:57,0
DA:58,0
DA:63,0
DA:64,0
DA:65,0
DA:66,0
DA:67,0
DA:68,0
DA:74,0
DA:75,0
DA:76,0
DA:77,0
DA:78,0
DA:79,0
LF:34
LH:0
BRDA:12,1,0,0
BRDA:12,1,1,0
BRDA:14,2,0,0
BRDA:14,2,1,0
BRDA:37,3,0,0
BRDA:37,3,1,0
BRDA:38,4,0,0
BRDA:38,4,1,0
BRDA:44,5,0,0
BRDA:44,5,1,0
BRDA:45,6,0,0
BRDA:45,6,1,0
BRDA:54,7,0,0
BRDA:54,7,1,0
BRDA:55,8,0,0
BRDA:55,8,1,0
BRDA:63,9,0,0
BRDA:63,9,1,0
BRDA:74,10,0,0
BRDA:74,10,1,0
BRF:20
BRH:0
end_of_record
TN:
SF:/Users/jaechung/NFT-Bazaar-Backend/contracts/UnicSwap/libraries/UQ112x112.sol
FN:12,encode
FN:17,uqdiv
FNF:2
FNH:0
FNDA:0,encode
FNDA:0,uqdiv
DA:13,0
DA:18,0
LF:2
LH:0
BRF:0
BRH:0
end_of_record
TN:
SF:/Users/jaechung/NFT-Bazaar-Backend/contracts/UnicSwap/UnicSwapV2ERC20.sol
FN:23,constructor
FN:39,_mint
FN:45,_burn
FN:51,_approve
FN:56,_transfer
FN:62,approve
FN:67,transfer
FN:72,transferFrom
FN:80,permit
FNF:9
FNH:0
FNDA:0,constructor
FNDA:0,_mint
FNDA:0,_burn
FNDA:0,_approve
FNDA:0,_transfer
FNDA:0,approve
FNDA:0,transfer
FNDA:0,transferFrom
FNDA:0,permit
DA:24,0
DA:25,0
DA:28,0
DA:40,0
DA:41,0
DA:42,0
DA:46,0
DA:47,0
DA:48,0
DA:52,0
DA:53,0
DA:57,0
DA:58,0
DA:59,0
DA:63,0
DA:64,0
DA:68,0
DA:69,0
DA:73,0
DA:74,0
DA:76,0
DA:77,0
DA:81,0
DA:82,0
DA:89,0
DA:90,0
DA:91,0
LF:27
LH:0
BRDA:73,1,0,0
BRDA:73,1,1,0
BRDA:81,2,0,0
BRDA:81,2,1,0
BRDA:90,3,0,0
BRDA:90,3,1,0
BRF:6
BRH:0
end_of_record
TN:
SF:/Users/jaechung/NFT-Bazaar-Backend/contracts/UnicSwap/UnicSwapV2Factory.sol
FN:15,constructor
FN:19,allPairsLength
FN:23,createPair
FN:40,setFeeTo
FN:45,setFeeToSetter
FNF:5
FNH:0
FNDA:0,constructor
FNDA:0,allPairsLength
FNDA:0,createPair
FNDA:0,setFeeTo
FNDA:0,setFeeToSetter
DA:16,0
DA:20,0
DA:24,0
DA:25,0
DA:26,0
DA:27,0
DA:28,0
DA:29,0
DA:30,0
DA:33,0
DA:34,0
DA:35,0
DA:36,0
DA:37,0
DA:41,0
DA:42,0
DA:46,0
DA:47,0
LF:18
LH:0
BRDA:24,1,0,0
BRDA:24,1,1,0
BRDA:26,2,0,0
BRDA:26,2,1,0
BRDA:27,3,0,0
BRDA:27,3,1,0
BRDA:41,4,0,0
BRDA:41,4,1,0
BRDA:46,5,0,0
BRDA:46,5,1,0
BRF:10
BRH:0
end_of_record
TN:
SF:/Users/jaechung/NFT-Bazaar-Backend/contracts/UnicSwap/UnicSwapV2Pair.sol
FN:30,lock
FN:37,getReserves
FN:43,_safeTransfer
FN:60,constructor
FN:65,initialize
FN:72,_update
FN:88,_mintFee
FN:109,mint
FN:133,burn
FN:158,swap
FN:189,skim
FN:197,sync
FNF:12
FNH:0
FNDA:0,lock
FNDA:0,getReserves
FNDA:0,_safeTransfer
FNDA:0,constructor
FNDA:0,initialize
FNDA:0,_update
FNDA:0,_mintFee
FNDA:0,mint
FNDA:0,burn
FNDA:0,swap
FNDA:0,skim
FNDA:0,sync
DA:31,0
DA:32,0
DA:33,0
DA:34,0
DA:38,0
DA:39,0
DA:40,0
DA:44,0
DA:45,0
DA:61,0
DA:66,0
DA:67,0
DA:68,0
DA:73,0
DA:74,0
DA:75,0
DA:76,0
DA:78,0
DA:79,0
DA:81,0
DA:82,0
DA:83,0
DA:84,0
DA:89,0
DA:90,0
DA:91,0
DA:92,0
DA:93,0
DA:94,0
DA:95,0
DA:96,0
DA:97,0
DA:98,0
DA:99,0
DA:100,0
DA:104,0
DA:110,0
DA:111,0
DA:112,0
DA:113,0
DA:114,0
DA:116,0
DA:117,0
DA:118,0
DA:119,0
DA:120,0
DA:122,0
DA:124,0
DA:125,0
DA:127,0
DA:128,0
DA:129,0
DA:134,0
DA:135,0
DA:136,0
DA:137,0
DA:138,0
DA:139,0
DA:141,0
DA:142,0
DA:143,0
DA:144,0
DA:145,0
DA:146,0
DA:147,0
DA:148,0
DA:149,0
DA:150,0
DA:152,0
DA:153,0
DA:154,0
DA:159,0
DA:160,0
DA:161,0
DA:163,0
DA:164,0
DA:165,0
DA:166,0
DA:167,0
DA:168,0
DA:169,0
DA:170,0
DA:171,0
DA:172,0
DA:173,0
DA:175,0
DA:176,0
DA:177,0
DA:178,0
DA:179,0
DA:180,0
DA:181,0
DA:184,0
DA:185,0
DA:190,0
DA:191,0
DA:192,0
DA:193,0
DA:198,0
LF:99
LH:0
BRDA:31,1,0,0
BRDA:31,1,1,0
BRDA:45,2,0,0
BRDA:45,2,1,0
BRDA:66,3,0,0
BRDA:66,3,1,0
BRDA:73,4,0,0
BRDA:73,4,1,0
BRDA:76,5,0,0
BRDA:76,5,1,0
BRDA:92,6,0,0
BRDA:92,6,1,0
BRDA:93,7,0,0
BRDA:93,7,1,0
BRDA:96,8,0,0
BRDA:96,8,1,0
BRDA:100,9,0,0
BRDA:100,9,1,0
BRDA:103,10,0,0
BRDA:103,10,1,0
BRDA:118,11,0,0
BRDA:118,11,1,0
BRDA:124,12,0,0
BRDA:124,12,1,0
BRDA:128,13,0,0
BRDA:128,13,1,0
BRDA:145,14,0,0
BRDA:145,14,1,0
BRDA:153,15,0,0
BRDA:153,15,1,0
BRDA:159,16,0,0
BRDA:159,16,1,0
BRDA:161,17,0,0
BRDA:161,17,1,0
BRDA:168,18,0,0
BRDA:168,18,1,0
BRDA:169,19,0,0
BRDA:169,19,1,0
BRDA:170,20,0,0
BRDA:170,20,1,0
BRDA:171,21,0,0
BRDA:171,21,1,0
BRDA:177,22,0,0
BRDA:177,22,1,0
BRDA:181,23,0,0
BRDA:181,23,1,0
BRF:46
BRH:0
end_of_record
TN:
SF:/Users/jaechung/NFT-Bazaar-Backend/contracts/UnicSwap/UnicSwapV2Router02.sol
FN:17,ensure
FN:22,constructor
FN:32,_addLiquidity
FN:69,addLiquidity
FN:83,addLiquidityETH
FN:110,removeLiquidity
FN:126,removeLiquidityETH
FN:140,removeLiquidityWithPermit
FN:155,removeLiquidityETHWithPermit
FN:178,removeLiquidityETHSupportingFeeOnTransferTokens
FN:192,removeLiquidityETHWithPermitSupportingFeeOnTransferTokens
FN:211,_swap
FN:229,swapExactTokensForTokens
FN:243,swapTokensForExactTokens
FN:256,swapExactETHForTokens
FN:270,swapTokensForExactETH
FN:287,swapExactTokensForETH
FN:305,swapETHForExactTokens
FN:403,quote
FN:407,getAmountOut
FN:417,getAmountIn
FN:427,getAmountsOut
FN:437,getAmountsIn
FNF:23
FNH:0
FNDA:0,ensure
FNDA:0,constructor
FNDA:0,_addLiquidity
FNDA:0,addLiquidity
FNDA:0,addLiquidityETH
FNDA:0,removeLiquidity
FNDA:0,removeLiquidityETH
FNDA:0,removeLiquidityWithPermit
FNDA:0,removeLiquidityETHWithPermit
FNDA:0,removeLiquidityETHSupportingFeeOnTransferTokens
FNDA:0,removeLiquidityETHWithPermitSupportingFeeOnTransferTokens
FNDA:0,_swap
FNDA:0,swapExactTokensForTokens
FNDA:0,swapTokensForExactTokens
FNDA:0,swapExactETHForTokens
FNDA:0,swapTokensForExactETH
FNDA:0,swapExactTokensForETH
FNDA:0,swapETHForExactTokens
FNDA:0,quote
FNDA:0,getAmountOut
FNDA:0,getAmountIn
FNDA:0,getAmountsOut
FNDA:0,getAmountsIn
DA:18,0
DA:19,0
DA:23,0
DA:24,0
DA:28,0
DA:41,0
DA:42,0
DA:44,0
DA:45,0
DA:46,0
DA:48,0
DA:49,0
DA:50,0
DA:51,0
DA:53,0
DA:54,0
DA:55,0
DA:56,0
DA:70,0
DA:71,0
DA:72,0
DA:73,0
DA:74,0
DA:84,0
DA:92,0
DA:93,0
DA:94,0
DA:95,0
DA:96,0
DA:98,0
DA:111,0
DA:112,0
DA:113,0
DA:114,0
DA:115,0
DA:116,0
DA:117,0
DA:127,0
DA:136,0
DA:137,0
DA:138,0
DA:150,0
DA:151,0
DA:152,0
DA:153,0
DA:164,0
DA:165,0
DA:166,0
DA:167,0
DA:179,0
DA:188,0
DA:189,0
DA:190,0
DA:201,0
DA:202,0
DA:203,0
DA:204,0
DA:212,0
DA:213,0
DA:214,0
DA:215,0
DA:216,0
DA:217,0
DA:218,0
DA:230,0
DA:231,0
DA:232,0
DA:235,0
DA:244,0
DA:245,0
DA:246,0
DA:249,0
DA:259,0
DA:260,0
DA:261,0
DA:262,0
DA:263,0
DA:264,0
DA:273,0
DA:274,0
DA:275,0
DA:276,0
DA:279,0
DA:280,0
DA:281,0
DA:290,0
DA:291,0
DA:292,0
DA:293,0
DA:296,0
DA:297,0
DA:298,0
DA:308,0
DA:309,0
DA:310,0
DA:311,0
DA:312,0
DA:313,0
DA:315,0
DA:404,0
DA:414,0
DA:424,0
DA:434,0
DA:444,0
LF:104
LH:0
BRDA:18,1,0,0
BRDA:18,1,1,0
BRDA:41,2,0,0
BRDA:41,2,1,0
BRDA:45,3,0,0
BRDA:45,3,1,0
BRDA:49,4,0,0
BRDA:49,4,1,0
BRDA:50,5,0,0
BRDA:50,5,1,0
BRDA:55,6,0,0
BRDA:55,6,1,0
BRDA:98,7,0,0
BRDA:98,7,1,0
BRDA:116,8,0,0
BRDA:116,8,1,0
BRDA:117,9,0,0
BRDA:117,9,1,0
BRDA:231,10,0,0
BRDA:231,10,1,0
BRDA:245,11,0,0
BRDA:245,11,1,0
BRDA:259,12,0,0
BRDA:259,12,1,0
BRDA:261,13,0,0
BRDA:261,13,1,0
BRDA:273,14,0,0
BRDA:273,14,1,0
BRDA:275,15,0,0
BRDA:275,15,1,0
BRDA:290,16,0,0
BRDA:290,16,1,0
BRDA:292,17,0,0
BRDA:292,17,1,0
BRDA:308,18,0,0
BRDA:308,18,1,0
BRDA:310,19,0,0
BRDA:310,19,1,0
BRDA:315,20,0,0
BRDA:315,20,1,0
BRF:40
BRH:0
end_of_record
TN:
SF:/Users/jaechung/NFT-Bazaar-Backend/contracts/WETH.sol
FN:38,deposit
FN:42,withdraw
FN:49,totalSupply
FN:53,approve
FN:59,transfer
FN:63,transferFrom
FNF:6
FNH:0
FNDA:0,deposit
FNDA:0,withdraw
FNDA:0,totalSupply
FNDA:0,approve
FNDA:0,transfer
FNDA:0,transferFrom
DA:36,0
DA:39,0
DA:40,0
DA:43,0
DA:44,0
DA:45,0
DA:46,0
DA:50,0
DA:54,0
DA:55,0
DA:56,0
DA:60,0
DA:67,0
DA:69,0
DA:70,0
DA:71,0
DA:74,0
DA:75,0
DA:77,0
DA:79,0
LF:20
LH:0
BRDA:43,1,0,0
BRDA:43,1,1,0
BRDA:67,2,0,0
BRDA:67,2,1,0
BRDA:69,3,0,0
BRDA:69,3,1,0
BRDA:70,4,0,0
BRDA:70,4,1,0
BRF:8
BRH:0
end_of_record
